2021-08-09 11:19:39,135 [Worker-6: Loading available Gradle versions] INFO  o.e.b.c.i.u.g.PublishedGradleVersions - Gradle version information cache is up-to-date. Trying to read.
2021-08-09 11:28:53,272 [Worker-5: Creating maven-archetype-quickstart] INFO  o.e.m.c.i.p.ProjectConfigurationManager - Collecting project info '/pom.xml' I:\Training\Probits\Telstra\JFS\day1\mydemo\pom.xml
2021-08-09 11:28:57,207 [Worker-5: Creating maven-archetype-quickstart] INFO  o.e.m.c.i.l.LifecycleMappingFactory - Using org.eclipse.m2e.jdt.JarLifecycleMapping lifecycle mapping for MavenProject: com.telstra:mydemo:0.0.1-SNAPSHOT @ I:\Training\Probits\Telstra\JFS\day1\mydemo\pom.xml.
2021-08-09 11:28:58,629 [Worker-5: Creating maven-archetype-quickstart] INFO  o.e.m.j.i.AbstractJavaProjectConfigurator - Adding source folder /mydemo/src/main/java
2021-08-09 11:28:58,640 [Worker-5: Creating maven-archetype-quickstart] INFO  o.e.m.j.i.AbstractJavaProjectConfigurator - Adding source folder /mydemo/src/test/java
2021-08-09 11:28:58,961 [Worker-5: Creating maven-archetype-quickstart] INFO  o.e.m.c.i.p.ProjectConfigurationManager - Imported and configured 1 project(s) in 5 sec
2021-08-09 11:29:00,269 [Worker-8: Building] INFO  o.e.m.c.i.embedder.EclipseLogger - Using 'UTF-8' encoding to copy filtered resources.
2021-08-09 11:29:00,269 [Worker-8: Building] INFO  o.e.m.c.i.embedder.EclipseLogger - skip non existing resourceDirectory I:\Training\Probits\Telstra\JFS\day1\mydemo\src\main\resources
2021-08-09 11:29:00,272 [Worker-8: Building] INFO  o.e.m.c.i.embedder.EclipseLogger - Using 'UTF-8' encoding to copy filtered resources.
2021-08-09 11:29:00,272 [Worker-8: Building] INFO  o.e.m.c.i.embedder.EclipseLogger - skip non existing resourceDirectory I:\Training\Probits\Telstra\JFS\day1\mydemo\src\test\resources
2021-08-09 11:29:29,038 [Worker-13: Building] INFO  o.e.m.c.i.embedder.EclipseLogger - Using 'UTF-8' encoding to copy filtered resources.
2021-08-09 11:29:29,039 [Worker-13: Building] INFO  o.e.m.c.i.embedder.EclipseLogger - skip non existing resourceDirectory I:\Training\Probits\Telstra\JFS\day1\mydemo\src\main\resources
2021-08-09 11:29:29,041 [Worker-13: Building] INFO  o.e.m.c.i.embedder.EclipseLogger - Using 'UTF-8' encoding to copy filtered resources.
2021-08-09 11:29:29,041 [Worker-13: Building] INFO  o.e.m.c.i.embedder.EclipseLogger - skip non existing resourceDirectory I:\Training\Probits\Telstra\JFS\day1\mydemo\src\test\resources
2021-08-09 11:31:29,017 [Worker-5: Building] INFO  o.e.m.c.i.l.LifecycleMappingFactory - Using org.eclipse.m2e.jdt.JarLifecycleMapping lifecycle mapping for MavenProject: com.telstra:mydemo:0.0.1-SNAPSHOT @ I:\Training\Probits\Telstra\JFS\day1\mydemo\pom.xml.
2021-08-09 11:31:29,428 [Worker-5: Building] INFO  o.e.m.c.i.embedder.EclipseLogger - Using 'UTF-8' encoding to copy filtered resources.
2021-08-09 11:31:29,429 [Worker-5: Building] INFO  o.e.m.c.i.embedder.EclipseLogger - skip non existing resourceDirectory I:\Training\Probits\Telstra\JFS\day1\mydemo\src\main\resources
2021-08-09 11:31:29,431 [Worker-5: Building] INFO  o.e.m.c.i.embedder.EclipseLogger - Using 'UTF-8' encoding to copy filtered resources.
2021-08-09 11:31:29,431 [Worker-5: Building] INFO  o.e.m.c.i.embedder.EclipseLogger - skip non existing resourceDirectory I:\Training\Probits\Telstra\JFS\day1\mydemo\src\test\resources
2021-08-09 11:31:31,186 [Worker-5: Download sources and javadoc] INFO  o.e.m.c.i.e.AbstractTransferListenerAdapter - Downloading https://repo.maven.apache.org/maven2/junit/junit/4.11/junit-4.11-sources.jar
2021-08-09 11:31:31,258 [Worker-15: Building] INFO  o.e.m.c.i.embedder.EclipseLogger - Using 'UTF-8' encoding to copy filtered resources.
2021-08-09 11:31:31,258 [Worker-15: Building] INFO  o.e.m.c.i.embedder.EclipseLogger - skip non existing resourceDirectory I:\Training\Probits\Telstra\JFS\day1\mydemo\src\main\resources
2021-08-09 11:31:31,261 [Worker-15: Building] INFO  o.e.m.c.i.embedder.EclipseLogger - Using 'UTF-8' encoding to copy filtered resources.
2021-08-09 11:31:31,261 [Worker-15: Building] INFO  o.e.m.c.i.embedder.EclipseLogger - skip non existing resourceDirectory I:\Training\Probits\Telstra\JFS\day1\mydemo\src\test\resources
2021-08-09 11:31:31,997 [Worker-5: Download sources and javadoc] INFO  o.e.m.c.i.e.AbstractTransferListenerAdapter - Downloaded https://repo.maven.apache.org/maven2/junit/junit/4.11/junit-4.11-sources.jar
2021-08-09 11:31:32,001 [Worker-5: Download sources and javadoc] INFO  o.e.m.j.internal.DownloadSourcesJob - Downloaded sources for junit:junit:4.11
2021-08-09 11:31:33,204 [Worker-5: Download sources and javadoc] INFO  o.e.m.c.i.e.AbstractTransferListenerAdapter - Downloading https://repo.maven.apache.org/maven2/org/hamcrest/hamcrest-core/1.3/hamcrest-core-1.3-sources.jar
2021-08-09 11:31:33,687 [Worker-5: Download sources and javadoc] INFO  o.e.m.c.i.e.AbstractTransferListenerAdapter - Downloaded https://repo.maven.apache.org/maven2/org/hamcrest/hamcrest-core/1.3/hamcrest-core-1.3-sources.jar
2021-08-09 11:31:33,690 [Worker-5: Download sources and javadoc] INFO  o.e.m.j.internal.DownloadSourcesJob - Downloaded sources for org.hamcrest:hamcrest-core:1.3
2021-08-09 11:31:34,305 [Worker-15: Building] INFO  o.e.m.c.i.embedder.EclipseLogger - Using 'UTF-8' encoding to copy filtered resources.
2021-08-09 11:31:34,305 [Worker-15: Building] INFO  o.e.m.c.i.embedder.EclipseLogger - skip non existing resourceDirectory I:\Training\Probits\Telstra\JFS\day1\mydemo\src\main\resources
2021-08-09 11:31:34,306 [Worker-15: Building] INFO  o.e.m.c.i.embedder.EclipseLogger - Using 'UTF-8' encoding to copy filtered resources.
2021-08-09 11:31:34,307 [Worker-15: Building] INFO  o.e.m.c.i.embedder.EclipseLogger - skip non existing resourceDirectory I:\Training\Probits\Telstra\JFS\day1\mydemo\src\test\resources
2021-08-09 11:33:19,530 [Worker-5: Launching Executing install in I__Training_Probits_Telstra_JFS_day1_mydemo] INFO  o.e.m.i.launch.MavenLaunchDelegate - I:\Training\Probits\Telstra\JFS\day1\mydemo
2021-08-09 11:33:19,531 [Worker-5: Launching Executing install in I__Training_Probits_Telstra_JFS_day1_mydemo] INFO  o.e.m.i.launch.MavenLaunchDelegate -  mvn -B install
2021-08-09 11:33:24,081 [Worker-14: Building] INFO  o.e.m.c.i.embedder.EclipseLogger - Using 'UTF-8' encoding to copy filtered resources.
2021-08-09 11:33:24,082 [Worker-14: Building] INFO  o.e.m.c.i.embedder.EclipseLogger - skip non existing resourceDirectory I:\Training\Probits\Telstra\JFS\day1\mydemo\src\main\resources
2021-08-09 11:33:24,084 [Worker-14: Building] INFO  o.e.m.c.i.embedder.EclipseLogger - Using 'UTF-8' encoding to copy filtered resources.
2021-08-09 11:33:24,085 [Worker-14: Building] INFO  o.e.m.c.i.embedder.EclipseLogger - skip non existing resourceDirectory I:\Training\Probits\Telstra\JFS\day1\mydemo\src\test\resources
2021-08-09 11:34:54,478 [Worker-13: Building] INFO  o.e.m.c.i.l.LifecycleMappingFactory - Using org.eclipse.m2e.jdt.JarLifecycleMapping lifecycle mapping for MavenProject: com.telstra:mydemo:0.0.1-SNAPSHOT @ I:\Training\Probits\Telstra\JFS\day1\mydemo\pom.xml.
2021-08-09 11:34:55,032 [Worker-13: Building] INFO  o.e.m.c.i.embedder.EclipseLogger - Using 'UTF-8' encoding to copy filtered resources.
2021-08-09 11:34:55,032 [Worker-13: Building] INFO  o.e.m.c.i.embedder.EclipseLogger - skip non existing resourceDirectory I:\Training\Probits\Telstra\JFS\day1\mydemo\src\main\resources
2021-08-09 11:34:55,034 [Worker-13: Building] INFO  o.e.m.c.i.embedder.EclipseLogger - Using 'UTF-8' encoding to copy filtered resources.
2021-08-09 11:34:55,034 [Worker-13: Building] INFO  o.e.m.c.i.embedder.EclipseLogger - skip non existing resourceDirectory I:\Training\Probits\Telstra\JFS\day1\mydemo\src\test\resources
2021-08-09 11:34:57,074 [Worker-8: Building] INFO  o.e.m.c.i.embedder.EclipseLogger - Using 'UTF-8' encoding to copy filtered resources.
2021-08-09 11:34:57,077 [Worker-8: Building] INFO  o.e.m.c.i.embedder.EclipseLogger - skip non existing resourceDirectory I:\Training\Probits\Telstra\JFS\day1\mydemo\src\main\resources
2021-08-09 11:34:57,079 [Worker-8: Building] INFO  o.e.m.c.i.embedder.EclipseLogger - Using 'UTF-8' encoding to copy filtered resources.
2021-08-09 11:34:57,079 [Worker-8: Building] INFO  o.e.m.c.i.embedder.EclipseLogger - skip non existing resourceDirectory I:\Training\Probits\Telstra\JFS\day1\mydemo\src\test\resources
2021-08-09 11:34:57,271 [Worker-14: Download sources and javadoc] INFO  o.e.m.c.i.e.AbstractTransferListenerAdapter - Downloading https://repo.maven.apache.org/maven2/org/springframework/spring-web/5.3.9/spring-web-5.3.9-sources.jar
2021-08-09 11:34:58,307 [Worker-14: Download sources and javadoc] INFO  o.e.m.c.i.e.AbstractTransferListenerAdapter - Downloaded https://repo.maven.apache.org/maven2/org/springframework/spring-web/5.3.9/spring-web-5.3.9-sources.jar
2021-08-09 11:34:58,311 [Worker-14: Download sources and javadoc] INFO  o.e.m.j.internal.DownloadSourcesJob - Downloaded sources for org.springframework:spring-web:5.3.9
2021-08-09 11:34:58,891 [Worker-14: Download sources and javadoc] INFO  o.e.m.c.i.e.AbstractTransferListenerAdapter - Downloading https://repo.maven.apache.org/maven2/org/springframework/spring-beans/5.3.9/spring-beans-5.3.9-sources.jar
2021-08-09 11:34:59,766 [Worker-14: Download sources and javadoc] INFO  o.e.m.c.i.e.AbstractTransferListenerAdapter - Downloaded https://repo.maven.apache.org/maven2/org/springframework/spring-beans/5.3.9/spring-beans-5.3.9-sources.jar
2021-08-09 11:34:59,774 [Worker-14: Download sources and javadoc] INFO  o.e.m.j.internal.DownloadSourcesJob - Downloaded sources for org.springframework:spring-beans:5.3.9
2021-08-09 11:35:00,371 [Worker-14: Download sources and javadoc] INFO  o.e.m.c.i.e.AbstractTransferListenerAdapter - Downloading https://repo.maven.apache.org/maven2/org/springframework/spring-core/5.3.9/spring-core-5.3.9-sources.jar
2021-08-09 11:35:01,354 [Worker-14: Download sources and javadoc] INFO  o.e.m.c.i.e.AbstractTransferListenerAdapter - Downloaded https://repo.maven.apache.org/maven2/org/springframework/spring-core/5.3.9/spring-core-5.3.9-sources.jar
2021-08-09 11:35:01,358 [Worker-14: Download sources and javadoc] INFO  o.e.m.j.internal.DownloadSourcesJob - Downloaded sources for org.springframework:spring-core:5.3.9
2021-08-09 11:35:01,951 [Worker-14: Download sources and javadoc] INFO  o.e.m.c.i.e.AbstractTransferListenerAdapter - Downloading https://repo.maven.apache.org/maven2/org/springframework/spring-jcl/5.3.9/spring-jcl-5.3.9-sources.jar
2021-08-09 11:35:02,296 [Worker-14: Download sources and javadoc] INFO  o.e.m.c.i.e.AbstractTransferListenerAdapter - Downloaded https://repo.maven.apache.org/maven2/org/springframework/spring-jcl/5.3.9/spring-jcl-5.3.9-sources.jar
2021-08-09 11:35:02,299 [Worker-14: Download sources and javadoc] INFO  o.e.m.j.internal.DownloadSourcesJob - Downloaded sources for org.springframework:spring-jcl:5.3.9
2021-08-09 11:35:02,470 [Worker-8: Building] INFO  o.e.m.c.i.embedder.EclipseLogger - Using 'UTF-8' encoding to copy filtered resources.
2021-08-09 11:35:02,470 [Worker-8: Building] INFO  o.e.m.c.i.embedder.EclipseLogger - skip non existing resourceDirectory I:\Training\Probits\Telstra\JFS\day1\mydemo\src\main\resources
2021-08-09 11:35:02,473 [Worker-8: Building] INFO  o.e.m.c.i.embedder.EclipseLogger - Using 'UTF-8' encoding to copy filtered resources.
2021-08-09 11:35:02,473 [Worker-8: Building] INFO  o.e.m.c.i.embedder.EclipseLogger - skip non existing resourceDirectory I:\Training\Probits\Telstra\JFS\day1\mydemo\src\test\resources
2021-08-09 11:35:22,480 [Worker-14: Building] INFO  o.e.m.c.i.l.LifecycleMappingFactory - Using org.eclipse.m2e.jdt.JarLifecycleMapping lifecycle mapping for MavenProject: com.telstra:mydemo:0.0.1-SNAPSHOT @ I:\Training\Probits\Telstra\JFS\day1\mydemo\pom.xml.
2021-08-09 11:35:22,588 [Worker-14: Building] INFO  o.e.m.c.i.embedder.EclipseLogger - Using 'UTF-8' encoding to copy filtered resources.
2021-08-09 11:35:22,588 [Worker-14: Building] INFO  o.e.m.c.i.embedder.EclipseLogger - skip non existing resourceDirectory I:\Training\Probits\Telstra\JFS\day1\mydemo\src\main\resources
2021-08-09 11:35:22,589 [Worker-14: Building] INFO  o.e.m.c.i.embedder.EclipseLogger - Using 'UTF-8' encoding to copy filtered resources.
2021-08-09 11:35:22,590 [Worker-14: Building] INFO  o.e.m.c.i.embedder.EclipseLogger - skip non existing resourceDirectory I:\Training\Probits\Telstra\JFS\day1\mydemo\src\test\resources
2021-08-09 11:35:23,897 [Worker-8: Building] INFO  o.e.m.c.i.embedder.EclipseLogger - Using 'UTF-8' encoding to copy filtered resources.
2021-08-09 11:35:23,898 [Worker-8: Building] INFO  o.e.m.c.i.embedder.EclipseLogger - skip non existing resourceDirectory I:\Training\Probits\Telstra\JFS\day1\mydemo\src\main\resources
2021-08-09 11:35:23,899 [Worker-8: Building] INFO  o.e.m.c.i.embedder.EclipseLogger - Using 'UTF-8' encoding to copy filtered resources.
2021-08-09 11:35:23,900 [Worker-8: Building] INFO  o.e.m.c.i.embedder.EclipseLogger - skip non existing resourceDirectory I:\Training\Probits\Telstra\JFS\day1\mydemo\src\test\resources
2021-08-09 11:36:37,821 [Worker-16: Launching Executing clean in I__Training_Probits_Telstra_JFS_day1_mydemo] INFO  o.e.m.i.launch.MavenLaunchDelegate - I:\Training\Probits\Telstra\JFS\day1\mydemo
2021-08-09 11:36:37,821 [Worker-16: Launching Executing clean in I__Training_Probits_Telstra_JFS_day1_mydemo] INFO  o.e.m.i.launch.MavenLaunchDelegate -  mvn -B clean
2021-08-09 11:36:40,739 [Worker-18: Building] INFO  o.e.m.c.i.embedder.EclipseLogger - Using 'UTF-8' encoding to copy filtered resources.
2021-08-09 11:36:40,739 [Worker-18: Building] INFO  o.e.m.c.i.embedder.EclipseLogger - skip non existing resourceDirectory I:\Training\Probits\Telstra\JFS\day1\mydemo\src\main\resources
2021-08-09 11:36:40,740 [Worker-18: Building] INFO  o.e.m.c.i.embedder.EclipseLogger - Using 'UTF-8' encoding to copy filtered resources.
2021-08-09 11:36:40,740 [Worker-18: Building] INFO  o.e.m.c.i.embedder.EclipseLogger - skip non existing resourceDirectory I:\Training\Probits\Telstra\JFS\day1\mydemo\src\test\resources
2021-08-09 11:36:58,777 [main] INFO  o.e.m2e.actions.ExecutePomAction - Creating new launch configuration
2021-08-09 11:37:23,315 [Worker-8: Launching mydemo] INFO  o.e.m.i.launch.MavenLaunchDelegate - I:\Training\Probits\Telstra\JFS\day1\mydemo
2021-08-09 11:37:23,315 [Worker-8: Launching mydemo] INFO  o.e.m.i.launch.MavenLaunchDelegate -  mvn -B clean
2021-08-09 11:37:45,508 [main] INFO  o.e.m2e.actions.ExecutePomAction - Creating new launch configuration
2021-08-09 11:39:03,897 [Worker-18: Launching mydemo (1)] INFO  o.e.m.i.launch.MavenLaunchDelegate - I:\Training\Probits\Telstra\JFS\day1\mydemo
2021-08-09 11:39:03,897 [Worker-18: Launching mydemo (1)] INFO  o.e.m.i.launch.MavenLaunchDelegate -  mvn -B compile
2021-08-09 11:40:03,799 [Worker-14: Building] INFO  o.e.m.c.i.l.LifecycleMappingFactory - Using org.eclipse.m2e.jdt.JarLifecycleMapping lifecycle mapping for MavenProject: com.telstra:mydemo:0.0.1-SNAPSHOT @ I:\Training\Probits\Telstra\JFS\day1\mydemo\pom.xml.
2021-08-09 11:40:03,935 [Worker-14: Building] INFO  o.e.m.c.i.embedder.EclipseLogger - Using 'UTF-8' encoding to copy filtered resources.
2021-08-09 11:40:03,935 [Worker-14: Building] INFO  o.e.m.c.i.embedder.EclipseLogger - skip non existing resourceDirectory I:\Training\Probits\Telstra\JFS\day1\mydemo\src\main\resources
2021-08-09 11:40:03,937 [Worker-14: Building] INFO  o.e.m.c.i.embedder.EclipseLogger - Using 'UTF-8' encoding to copy filtered resources.
2021-08-09 11:40:03,937 [Worker-14: Building] INFO  o.e.m.c.i.embedder.EclipseLogger - skip non existing resourceDirectory I:\Training\Probits\Telstra\JFS\day1\mydemo\src\test\resources
2021-08-09 11:40:05,309 [Worker-20: Building] INFO  o.e.m.c.i.embedder.EclipseLogger - Using 'UTF-8' encoding to copy filtered resources.
2021-08-09 11:40:05,309 [Worker-20: Building] INFO  o.e.m.c.i.embedder.EclipseLogger - skip non existing resourceDirectory I:\Training\Probits\Telstra\JFS\day1\mydemo\src\main\resources
2021-08-09 11:40:05,311 [Worker-20: Building] INFO  o.e.m.c.i.embedder.EclipseLogger - Using 'UTF-8' encoding to copy filtered resources.
2021-08-09 11:40:05,312 [Worker-20: Building] INFO  o.e.m.c.i.embedder.EclipseLogger - skip non existing resourceDirectory I:\Training\Probits\Telstra\JFS\day1\mydemo\src\test\resources
2021-08-09 11:43:31,598 [Worker-14: Launching Executing install in I__Training_Probits_Telstra_JFS_day1_mydemo] INFO  o.e.m.i.launch.MavenLaunchDelegate - I:\Training\Probits\Telstra\JFS\day1\mydemo
2021-08-09 11:43:31,598 [Worker-14: Launching Executing install in I__Training_Probits_Telstra_JFS_day1_mydemo] INFO  o.e.m.i.launch.MavenLaunchDelegate -  mvn -B install
2021-08-09 11:43:47,682 [Worker-14: Building] INFO  o.e.m.c.i.embedder.EclipseLogger - Using 'UTF-8' encoding to copy filtered resources.
2021-08-09 11:43:47,683 [Worker-14: Building] INFO  o.e.m.c.i.embedder.EclipseLogger - skip non existing resourceDirectory I:\Training\Probits\Telstra\JFS\day1\mydemo\src\main\resources
2021-08-09 11:43:47,685 [Worker-14: Building] INFO  o.e.m.c.i.embedder.EclipseLogger - Using 'UTF-8' encoding to copy filtered resources.
2021-08-09 11:43:47,685 [Worker-14: Building] INFO  o.e.m.c.i.embedder.EclipseLogger - skip non existing resourceDirectory I:\Training\Probits\Telstra\JFS\day1\mydemo\src\test\resources
2021-08-09 11:47:56,213 [ModalContext] INFO  o.e.m.c.i.e.AbstractTransferListenerAdapter - Downloading https://repo.maven.apache.org/maven2/org/apache/maven/archetypes/maven-archetype-webapp/1.0/maven-archetype-webapp-1.0.jar
2021-08-09 11:47:56,508 [ModalContext] INFO  o.e.m.c.i.e.AbstractTransferListenerAdapter - Downloaded https://repo.maven.apache.org/maven2/org/apache/maven/archetypes/maven-archetype-webapp/1.0/maven-archetype-webapp-1.0.jar
2021-08-09 11:47:56,655 [ModalContext] INFO  o.e.m.c.i.e.AbstractTransferListenerAdapter - Downloading https://repo.maven.apache.org/maven2/org/apache/maven/archetypes/maven-archetype-webapp/1.0/maven-archetype-webapp-1.0.pom
2021-08-09 11:47:56,810 [ModalContext] INFO  o.e.m.c.i.e.AbstractTransferListenerAdapter - Downloaded https://repo.maven.apache.org/maven2/org/apache/maven/archetypes/maven-archetype-webapp/1.0/maven-archetype-webapp-1.0.pom
2021-08-09 11:48:57,647 [Worker-23: Creating maven-archetype-webapp] INFO  o.e.m.c.i.p.ProjectConfigurationManager - Collecting project info '/pom.xml' I:\Training\Probits\Telstra\JFS\day1\mywebapp\pom.xml
2021-08-09 11:48:58,467 [Worker-23: Creating maven-archetype-webapp] INFO  o.e.m.c.i.e.AbstractTransferListenerAdapter - Downloading https://repo.maven.apache.org/maven2/org/apache/maven/plugins/maven-war-plugin/2.2/maven-war-plugin-2.2.jar
2021-08-09 11:48:58,818 [Worker-23: Creating maven-archetype-webapp] INFO  o.e.m.c.i.e.AbstractTransferListenerAdapter - Downloaded https://repo.maven.apache.org/maven2/org/apache/maven/plugins/maven-war-plugin/2.2/maven-war-plugin-2.2.jar
2021-08-09 11:48:58,843 [Worker-23: Creating maven-archetype-webapp] INFO  o.e.m.c.i.l.LifecycleMappingFactory - Using org.maven.ide.eclipse.wtp.WarLifecycleMapping lifecycle mapping for MavenProject: com.telstraweb:mywebapp:0.0.1-SNAPSHOT @ I:\Training\Probits\Telstra\JFS\day1\mywebapp\pom.xml.
2021-08-09 11:48:59,491 [Worker-23: Creating maven-archetype-webapp] INFO  o.e.m.c.i.e.AbstractTransferListenerAdapter - Downloading https://repo.maven.apache.org/maven2/org/apache/maven/plugins/maven-war-plugin/2.2/maven-war-plugin-2.2.pom
2021-08-09 11:48:59,786 [Worker-23: Creating maven-archetype-webapp] INFO  o.e.m.c.i.e.AbstractTransferListenerAdapter - Downloaded https://repo.maven.apache.org/maven2/org/apache/maven/plugins/maven-war-plugin/2.2/maven-war-plugin-2.2.pom
2021-08-09 11:49:00,017 [Worker-23: Creating maven-archetype-webapp] INFO  o.e.m.c.i.e.AbstractTransferListenerAdapter - Downloading https://repo.maven.apache.org/maven2/com/thoughtworks/xstream/xstream/1.3.1/xstream-1.3.1.pom
2021-08-09 11:49:00,205 [Worker-23: Creating maven-archetype-webapp] INFO  o.e.m.c.i.e.AbstractTransferListenerAdapter - Downloaded https://repo.maven.apache.org/maven2/com/thoughtworks/xstream/xstream/1.3.1/xstream-1.3.1.pom
2021-08-09 11:49:00,357 [Worker-23: Creating maven-archetype-webapp] INFO  o.e.m.c.i.e.AbstractTransferListenerAdapter - Downloading https://repo.maven.apache.org/maven2/com/thoughtworks/xstream/xstream-parent/1.3.1/xstream-parent-1.3.1.pom
2021-08-09 11:49:00,532 [Worker-23: Creating maven-archetype-webapp] INFO  o.e.m.c.i.e.AbstractTransferListenerAdapter - Downloaded https://repo.maven.apache.org/maven2/com/thoughtworks/xstream/xstream-parent/1.3.1/xstream-parent-1.3.1.pom
2021-08-09 11:49:00,708 [Worker-23: Creating maven-archetype-webapp] INFO  o.e.m.c.i.e.AbstractTransferListenerAdapter - Downloading https://repo.maven.apache.org/maven2/xpp3/xpp3_min/1.1.4c/xpp3_min-1.1.4c.pom
2021-08-09 11:49:00,869 [Worker-23: Creating maven-archetype-webapp] INFO  o.e.m.c.i.e.AbstractTransferListenerAdapter - Downloaded https://repo.maven.apache.org/maven2/xpp3/xpp3_min/1.1.4c/xpp3_min-1.1.4c.pom
2021-08-09 11:49:01,019 [Worker-23: Creating maven-archetype-webapp] INFO  o.e.m.c.i.e.AbstractTransferListenerAdapter - Downloading https://repo.maven.apache.org/maven2/org/apache/maven/shared/maven-filtering/1.0-beta-2/maven-filtering-1.0-beta-2.pom
2021-08-09 11:49:01,178 [Worker-23: Creating maven-archetype-webapp] INFO  o.e.m.c.i.e.AbstractTransferListenerAdapter - Downloaded https://repo.maven.apache.org/maven2/org/apache/maven/shared/maven-filtering/1.0-beta-2/maven-filtering-1.0-beta-2.pom
2021-08-09 11:49:01,323 [Worker-23: Creating maven-archetype-webapp] INFO  o.e.m.c.i.e.AbstractTransferListenerAdapter - Downloading https://repo.maven.apache.org/maven2/org/apache/maven/shared/maven-shared-components/10/maven-shared-components-10.pom
2021-08-09 11:49:01,498 [Worker-23: Creating maven-archetype-webapp] INFO  o.e.m.c.i.e.AbstractTransferListenerAdapter - Downloaded https://repo.maven.apache.org/maven2/org/apache/maven/shared/maven-shared-components/10/maven-shared-components-10.pom
2021-08-09 11:49:01,661 [Worker-23: Creating maven-archetype-webapp] INFO  o.e.m.c.i.e.AbstractTransferListenerAdapter - Downloading https://repo.maven.apache.org/maven2/org/codehaus/plexus/plexus-utils/1.5.6/plexus-utils-1.5.6.pom
2021-08-09 11:49:01,823 [Worker-23: Creating maven-archetype-webapp] INFO  o.e.m.c.i.e.AbstractTransferListenerAdapter - Downloaded https://repo.maven.apache.org/maven2/org/codehaus/plexus/plexus-utils/1.5.6/plexus-utils-1.5.6.pom
2021-08-09 11:49:01,975 [Worker-23: Creating maven-archetype-webapp] INFO  o.e.m.c.i.e.AbstractTransferListenerAdapter - Downloading https://repo.maven.apache.org/maven2/org/codehaus/plexus/plexus/1.0.12/plexus-1.0.12.pom
2021-08-09 11:49:02,146 [Worker-23: Creating maven-archetype-webapp] INFO  o.e.m.c.i.e.AbstractTransferListenerAdapter - Downloaded https://repo.maven.apache.org/maven2/org/codehaus/plexus/plexus/1.0.12/plexus-1.0.12.pom
2021-08-09 11:49:02,294 [Worker-23: Creating maven-archetype-webapp] INFO  o.e.m.c.i.e.AbstractTransferListenerAdapter - Downloading https://repo.maven.apache.org/maven2/org/codehaus/plexus/plexus-interpolation/1.6/plexus-interpolation-1.6.pom
2021-08-09 11:49:02,459 [Worker-23: Creating maven-archetype-webapp] INFO  o.e.m.c.i.e.AbstractTransferListenerAdapter - Downloaded https://repo.maven.apache.org/maven2/org/codehaus/plexus/plexus-interpolation/1.6/plexus-interpolation-1.6.pom
2021-08-09 11:49:02,615 [AetherRepositoryConnector-repo.maven.apache.org-0-2] INFO  o.e.m.c.i.e.AbstractTransferListenerAdapter - Downloading https://repo.maven.apache.org/maven2/org/apache/maven/shared/maven-filtering/1.0-beta-2/maven-filtering-1.0-beta-2.jar
2021-08-09 11:49:02,750 [AetherRepositoryConnector-repo.maven.apache.org-0-1] INFO  o.e.m.c.i.e.AbstractTransferListenerAdapter - Downloading https://repo.maven.apache.org/maven2/xpp3/xpp3_min/1.1.4c/xpp3_min-1.1.4c.jar
2021-08-09 11:49:02,779 [AetherRepositoryConnector-repo.maven.apache.org-0-0] INFO  o.e.m.c.i.e.AbstractTransferListenerAdapter - Downloading https://repo.maven.apache.org/maven2/com/thoughtworks/xstream/xstream/1.3.1/xstream-1.3.1.jar
2021-08-09 11:49:03,237 [AetherRepositoryConnector-repo.maven.apache.org-0-2] INFO  o.e.m.c.i.e.AbstractTransferListenerAdapter - Downloaded https://repo.maven.apache.org/maven2/org/apache/maven/shared/maven-filtering/1.0-beta-2/maven-filtering-1.0-beta-2.jar
2021-08-09 11:49:03,289 [AetherRepositoryConnector-repo.maven.apache.org-0-1] INFO  o.e.m.c.i.e.AbstractTransferListenerAdapter - Downloaded https://repo.maven.apache.org/maven2/xpp3/xpp3_min/1.1.4c/xpp3_min-1.1.4c.jar
2021-08-09 11:49:03,434 [AetherRepositoryConnector-repo.maven.apache.org-0-0] INFO  o.e.m.c.i.e.AbstractTransferListenerAdapter - Downloaded https://repo.maven.apache.org/maven2/com/thoughtworks/xstream/xstream/1.3.1/xstream-1.3.1.jar
2021-08-09 11:49:03,795 [Worker-23: Creating maven-archetype-webapp] INFO  o.e.m.j.i.AbstractJavaProjectConfigurator - Adding source folder /mywebapp/src/main/java
2021-08-09 11:49:03,796 [Worker-23: Creating maven-archetype-webapp] INFO  o.e.m.j.i.AbstractJavaProjectConfigurator - Adding resource folder /mywebapp/src/main/resources
2021-08-09 11:49:03,796 [Worker-23: Creating maven-archetype-webapp] INFO  o.e.m.j.i.AbstractJavaProjectConfigurator - Adding source folder /mywebapp/src/test/java
2021-08-09 11:49:04,548 [Worker-23: Creating maven-archetype-webapp] INFO  o.e.m.c.i.p.ProjectConfigurationManager - Imported and configured 1 project(s) in 6 sec
2021-08-09 11:49:04,763 [Worker-24: Building] WARN  o.e.m.c.i.embedder.EclipseLogger - Using platform encoding (Cp1252 actually) to copy filtered resources, i.e. build is platform dependent!
2021-08-09 11:49:04,768 [Worker-24: Building] INFO  o.e.m.c.i.embedder.EclipseLogger - Copying 0 resource
2021-08-09 11:49:04,770 [Worker-24: Building] WARN  o.e.m.c.i.embedder.EclipseLogger - Using platform encoding (Cp1252 actually) to copy filtered resources, i.e. build is platform dependent!
2021-08-09 11:49:04,771 [Worker-24: Building] INFO  o.e.m.c.i.embedder.EclipseLogger - skip non existing resourceDirectory I:\Training\Probits\Telstra\JFS\day1\mywebapp\src\test\resources
2021-08-09 11:49:06,023 [Worker-24: Building] WARN  o.e.m.c.i.embedder.EclipseLogger - Using platform encoding (Cp1252 actually) to copy filtered resources, i.e. build is platform dependent!
2021-08-09 11:49:06,026 [Worker-24: Building] INFO  o.e.m.c.i.embedder.EclipseLogger - Copying 0 resource
2021-08-09 11:49:06,027 [Worker-24: Building] WARN  o.e.m.c.i.embedder.EclipseLogger - Using platform encoding (Cp1252 actually) to copy filtered resources, i.e. build is platform dependent!
2021-08-09 11:49:06,028 [Worker-24: Building] INFO  o.e.m.c.i.embedder.EclipseLogger - skip non existing resourceDirectory I:\Training\Probits\Telstra\JFS\day1\mywebapp\src\test\resources
2021-08-09 11:50:51,032 [Worker-26: Building] WARN  o.e.m.c.i.embedder.EclipseLogger - Using platform encoding (Cp1252 actually) to copy filtered resources, i.e. build is platform dependent!
2021-08-09 11:50:51,033 [Worker-26: Building] INFO  o.e.m.c.i.embedder.EclipseLogger - Copying 0 resource
2021-08-09 11:50:51,034 [Worker-26: Building] WARN  o.e.m.c.i.embedder.EclipseLogger - Using platform encoding (Cp1252 actually) to copy filtered resources, i.e. build is platform dependent!
2021-08-09 11:50:51,035 [Worker-26: Building] INFO  o.e.m.c.i.embedder.EclipseLogger - skip non existing resourceDirectory I:\Training\Probits\Telstra\JFS\day1\mywebapp\src\test\resources
2021-08-09 11:56:43,046 [Worker-25: Building] INFO  o.e.m.c.i.l.LifecycleMappingFactory - Using org.maven.ide.eclipse.wtp.WarLifecycleMapping lifecycle mapping for MavenProject: com.telstraweb:mywebapp:0.0.1-SNAPSHOT @ I:\Training\Probits\Telstra\JFS\day1\mywebapp\pom.xml.
2021-08-09 11:56:43,468 [Worker-25: Building] WARN  o.e.m.c.i.embedder.EclipseLogger - Using platform encoding (Cp1252 actually) to copy filtered resources, i.e. build is platform dependent!
2021-08-09 11:56:43,469 [Worker-25: Building] INFO  o.e.m.c.i.embedder.EclipseLogger - Copying 0 resource
2021-08-09 11:56:43,470 [Worker-25: Building] WARN  o.e.m.c.i.embedder.EclipseLogger - Using platform encoding (Cp1252 actually) to copy filtered resources, i.e. build is platform dependent!
2021-08-09 11:56:43,471 [Worker-25: Building] INFO  o.e.m.c.i.embedder.EclipseLogger - skip non existing resourceDirectory I:\Training\Probits\Telstra\JFS\day1\mywebapp\src\test\resources
2021-08-09 11:56:43,472 [Worker-25: Building] INFO  o.e.m.w.i.f.ResourceFilteringBuildParticipant - Changed resources require a complete clean of filtered resources of mywebapp
2021-08-09 11:56:43,473 [Worker-25: Building] INFO  o.e.m.w.i.f.ResourceFilteringBuildParticipant - Executing resource filtering for mywebapp
2021-08-09 11:56:43,479 [Worker-25: Building] WARN  o.e.m.c.i.embedder.EclipseLogger - Using platform encoding (Cp1252 actually) to copy filtered resources, i.e. build is platform dependent!
2021-08-09 11:56:45,324 [Worker-28: Download sources and javadoc] INFO  o.e.m.c.i.e.AbstractTransferListenerAdapter - Downloading https://repo.maven.apache.org/maven2/javax/servlet/servlet-api/2.5/servlet-api-2.5-sources.jar
2021-08-09 11:56:45,801 [Worker-28: Download sources and javadoc] INFO  o.e.m.c.i.e.AbstractTransferListenerAdapter - Downloaded https://repo.maven.apache.org/maven2/javax/servlet/servlet-api/2.5/servlet-api-2.5-sources.jar
2021-08-09 11:56:45,804 [Worker-28: Download sources and javadoc] INFO  o.e.m.j.internal.DownloadSourcesJob - Downloaded sources for javax.servlet:servlet-api:2.5
2021-08-09 11:56:45,959 [Worker-28: Building] WARN  o.e.m.c.i.embedder.EclipseLogger - Using platform encoding (Cp1252 actually) to copy filtered resources, i.e. build is platform dependent!
2021-08-09 11:56:45,960 [Worker-28: Building] INFO  o.e.m.c.i.embedder.EclipseLogger - Copying 0 resource
2021-08-09 11:56:45,962 [Worker-28: Building] WARN  o.e.m.c.i.embedder.EclipseLogger - Using platform encoding (Cp1252 actually) to copy filtered resources, i.e. build is platform dependent!
2021-08-09 11:56:45,963 [Worker-28: Building] INFO  o.e.m.c.i.embedder.EclipseLogger - skip non existing resourceDirectory I:\Training\Probits\Telstra\JFS\day1\mywebapp\src\test\resources
2021-08-09 11:57:49,821 [Worker-25: Building] INFO  o.e.m.c.i.l.LifecycleMappingFactory - Using org.maven.ide.eclipse.wtp.WarLifecycleMapping lifecycle mapping for MavenProject: com.telstraweb:mywebapp:0.0.1-SNAPSHOT @ I:\Training\Probits\Telstra\JFS\day1\mywebapp\pom.xml.
2021-08-09 11:57:50,262 [Worker-25: Building] WARN  o.e.m.c.i.embedder.EclipseLogger - Using platform encoding (Cp1252 actually) to copy filtered resources, i.e. build is platform dependent!
2021-08-09 11:57:50,263 [Worker-25: Building] INFO  o.e.m.c.i.embedder.EclipseLogger - Copying 0 resource
2021-08-09 11:57:50,265 [Worker-25: Building] WARN  o.e.m.c.i.embedder.EclipseLogger - Using platform encoding (Cp1252 actually) to copy filtered resources, i.e. build is platform dependent!
2021-08-09 11:57:50,266 [Worker-25: Building] INFO  o.e.m.c.i.embedder.EclipseLogger - skip non existing resourceDirectory I:\Training\Probits\Telstra\JFS\day1\mywebapp\src\test\resources
2021-08-09 11:57:50,267 [Worker-25: Building] INFO  o.e.m.w.i.f.ResourceFilteringBuildParticipant - Changed resources require a complete clean of filtered resources of mywebapp
2021-08-09 11:57:50,267 [Worker-25: Building] INFO  o.e.m.w.i.f.ResourceFilteringBuildParticipant - Executing resource filtering for mywebapp
2021-08-09 11:57:50,271 [Worker-25: Building] WARN  o.e.m.c.i.embedder.EclipseLogger - Using platform encoding (Cp1252 actually) to copy filtered resources, i.e. build is platform dependent!
2021-08-09 11:59:50,573 [Worker-26: Building] INFO  o.e.m.c.i.l.LifecycleMappingFactory - Using org.maven.ide.eclipse.wtp.WarLifecycleMapping lifecycle mapping for MavenProject: com.telstraweb:mywebapp:0.0.1-SNAPSHOT @ I:\Training\Probits\Telstra\JFS\day1\mywebapp\pom.xml.
2021-08-09 11:59:50,895 [Worker-26: Building] WARN  o.e.m.c.i.embedder.EclipseLogger - Using platform encoding (Cp1252 actually) to copy filtered resources, i.e. build is platform dependent!
2021-08-09 11:59:50,896 [Worker-26: Building] INFO  o.e.m.c.i.embedder.EclipseLogger - Copying 0 resource
2021-08-09 11:59:50,898 [Worker-26: Building] WARN  o.e.m.c.i.embedder.EclipseLogger - Using platform encoding (Cp1252 actually) to copy filtered resources, i.e. build is platform dependent!
2021-08-09 11:59:50,899 [Worker-26: Building] INFO  o.e.m.c.i.embedder.EclipseLogger - skip non existing resourceDirectory I:\Training\Probits\Telstra\JFS\day1\mywebapp\src\test\resources
2021-08-09 11:59:50,899 [Worker-26: Building] INFO  o.e.m.w.i.f.ResourceFilteringBuildParticipant - Changed resources require a complete clean of filtered resources of mywebapp
2021-08-09 11:59:50,899 [Worker-26: Building] INFO  o.e.m.w.i.f.ResourceFilteringBuildParticipant - Executing resource filtering for mywebapp
2021-08-09 11:59:50,904 [Worker-26: Building] WARN  o.e.m.c.i.embedder.EclipseLogger - Using platform encoding (Cp1252 actually) to copy filtered resources, i.e. build is platform dependent!
2021-08-09 11:59:54,145 [Worker-30: Building] INFO  o.e.m.c.i.l.LifecycleMappingFactory - Using org.maven.ide.eclipse.wtp.WarLifecycleMapping lifecycle mapping for MavenProject: com.telstraweb:mywebapp:0.0.1-SNAPSHOT @ I:\Training\Probits\Telstra\JFS\day1\mywebapp\pom.xml.
2021-08-09 11:59:54,462 [Worker-30: Building] WARN  o.e.m.c.i.embedder.EclipseLogger - Using platform encoding (Cp1252 actually) to copy filtered resources, i.e. build is platform dependent!
2021-08-09 11:59:54,463 [Worker-30: Building] INFO  o.e.m.c.i.embedder.EclipseLogger - Copying 0 resource
2021-08-09 11:59:54,466 [Worker-30: Building] WARN  o.e.m.c.i.embedder.EclipseLogger - Using platform encoding (Cp1252 actually) to copy filtered resources, i.e. build is platform dependent!
2021-08-09 11:59:54,466 [Worker-30: Building] INFO  o.e.m.c.i.embedder.EclipseLogger - skip non existing resourceDirectory I:\Training\Probits\Telstra\JFS\day1\mywebapp\src\test\resources
2021-08-09 11:59:54,467 [Worker-30: Building] INFO  o.e.m.w.i.f.ResourceFilteringBuildParticipant - Changed resources require a complete clean of filtered resources of mywebapp
2021-08-09 11:59:54,468 [Worker-30: Building] INFO  o.e.m.w.i.f.ResourceFilteringBuildParticipant - Executing resource filtering for mywebapp
2021-08-09 11:59:54,473 [Worker-30: Building] WARN  o.e.m.c.i.embedder.EclipseLogger - Using platform encoding (Cp1252 actually) to copy filtered resources, i.e. build is platform dependent!
2021-08-09 12:00:14,586 [Worker-31: Building] WARN  o.e.m.c.i.embedder.EclipseLogger - Using platform encoding (Cp1252 actually) to copy filtered resources, i.e. build is platform dependent!
2021-08-09 12:00:14,586 [Worker-31: Building] INFO  o.e.m.c.i.embedder.EclipseLogger - Copying 0 resource
2021-08-09 12:00:14,588 [Worker-31: Building] WARN  o.e.m.c.i.embedder.EclipseLogger - Using platform encoding (Cp1252 actually) to copy filtered resources, i.e. build is platform dependent!
2021-08-09 12:00:14,588 [Worker-31: Building] INFO  o.e.m.c.i.embedder.EclipseLogger - skip non existing resourceDirectory I:\Training\Probits\Telstra\JFS\day1\mywebapp\src\test\resources
2021-08-09 12:03:05,716 [Worker-26: Building] WARN  o.e.m.c.i.embedder.EclipseLogger - Using platform encoding (Cp1252 actually) to copy filtered resources, i.e. build is platform dependent!
2021-08-09 12:03:05,718 [Worker-26: Building] INFO  o.e.m.c.i.embedder.EclipseLogger - Copying 0 resource
2021-08-09 12:03:05,719 [Worker-26: Building] WARN  o.e.m.c.i.embedder.EclipseLogger - Using platform encoding (Cp1252 actually) to copy filtered resources, i.e. build is platform dependent!
2021-08-09 12:03:05,719 [Worker-26: Building] INFO  o.e.m.c.i.embedder.EclipseLogger - skip non existing resourceDirectory I:\Training\Probits\Telstra\JFS\day1\mywebapp\src\test\resources
2021-08-09 12:03:25,833 [Worker-33: Building] WARN  o.e.m.c.i.embedder.EclipseLogger - Using platform encoding (Cp1252 actually) to copy filtered resources, i.e. build is platform dependent!
2021-08-09 12:03:25,834 [Worker-33: Building] INFO  o.e.m.c.i.embedder.EclipseLogger - Copying 0 resource
2021-08-09 12:03:25,835 [Worker-33: Building] WARN  o.e.m.c.i.embedder.EclipseLogger - Using platform encoding (Cp1252 actually) to copy filtered resources, i.e. build is platform dependent!
2021-08-09 12:03:25,836 [Worker-33: Building] INFO  o.e.m.c.i.embedder.EclipseLogger - skip non existing resourceDirectory I:\Training\Probits\Telstra\JFS\day1\mywebapp\src\test\resources
2021-08-09 12:28:44,763 [main] INFO  o.e.m2e.actions.ExecutePomAction - Creating new launch configuration
2021-08-09 12:28:51,106 [Worker-36: Launching mywebapp (1)] INFO  o.e.m.i.launch.MavenLaunchDelegate - I:\Training\Probits\Telstra\JFS\day1\mywebapp
2021-08-09 12:28:51,108 [Worker-36: Launching mywebapp (1)] INFO  o.e.m.i.launch.MavenLaunchDelegate -  mvn -B package
2021-08-09 12:30:02,275 [Worker-40: Building] INFO  o.e.m.c.i.l.LifecycleMappingFactory - Using org.eclipse.m2e.jdt.JarLifecycleMapping lifecycle mapping for MavenProject: com.telstraweb:mywebapp:0.0.1-SNAPSHOT @ I:\Training\Probits\Telstra\JFS\day1\mywebapp\pom.xml.
2021-08-09 12:30:02,324 [Worker-40: Building] WARN  o.e.m.c.i.embedder.EclipseLogger - Using platform encoding (Cp1252 actually) to copy filtered resources, i.e. build is platform dependent!
2021-08-09 12:30:02,330 [Worker-40: Building] INFO  o.e.m.c.i.embedder.EclipseLogger - Copying 0 resource
2021-08-09 12:30:02,331 [Worker-40: Building] WARN  o.e.m.c.i.embedder.EclipseLogger - Using platform encoding (Cp1252 actually) to copy filtered resources, i.e. build is platform dependent!
2021-08-09 12:30:02,332 [Worker-40: Building] INFO  o.e.m.c.i.embedder.EclipseLogger - skip non existing resourceDirectory I:\Training\Probits\Telstra\JFS\day1\mywebapp\src\test\resources
2021-08-09 12:30:25,807 [Worker-40: Building] INFO  o.e.m.c.i.l.LifecycleMappingFactory - Using org.maven.ide.eclipse.wtp.WarLifecycleMapping lifecycle mapping for MavenProject: com.telstraweb:mywebapp:0.0.1-SNAPSHOT @ I:\Training\Probits\Telstra\JFS\day1\mywebapp\pom.xml.
2021-08-09 12:30:26,139 [Worker-40: Building] WARN  o.e.m.c.i.embedder.EclipseLogger - Using platform encoding (Cp1252 actually) to copy filtered resources, i.e. build is platform dependent!
2021-08-09 12:30:26,140 [Worker-40: Building] INFO  o.e.m.c.i.embedder.EclipseLogger - Copying 0 resource
2021-08-09 12:30:26,143 [Worker-40: Building] WARN  o.e.m.c.i.embedder.EclipseLogger - Using platform encoding (Cp1252 actually) to copy filtered resources, i.e. build is platform dependent!
2021-08-09 12:30:26,143 [Worker-40: Building] INFO  o.e.m.c.i.embedder.EclipseLogger - skip non existing resourceDirectory I:\Training\Probits\Telstra\JFS\day1\mywebapp\src\test\resources
2021-08-09 12:30:26,144 [Worker-40: Building] INFO  o.e.m.w.i.f.ResourceFilteringBuildParticipant - Changed resources require a complete clean of filtered resources of mywebapp
2021-08-09 12:30:26,144 [Worker-40: Building] INFO  o.e.m.w.i.f.ResourceFilteringBuildParticipant - Executing resource filtering for mywebapp
2021-08-09 12:30:26,147 [Worker-40: Building] WARN  o.e.m.c.i.embedder.EclipseLogger - Using platform encoding (Cp1252 actually) to copy filtered resources, i.e. build is platform dependent!
2021-08-09 12:31:50,400 [main] INFO  o.e.m2e.actions.ExecutePomAction - Using existing launch configuration
2021-08-09 12:31:50,659 [Worker-40: Launching mywebapp (1)] INFO  o.e.m.i.launch.MavenLaunchDelegate - I:\Training\Probits\Telstra\JFS\day1\mywebapp
2021-08-09 12:31:50,659 [Worker-40: Launching mywebapp (1)] INFO  o.e.m.i.launch.MavenLaunchDelegate -  mvn -B package
2021-08-09 12:31:58,404 [main] INFO  o.e.m2e.actions.ExecutePomAction - Creating new launch configuration
2021-08-09 12:32:04,059 [Worker-39: Launching mywebapp (2)] INFO  o.e.m.i.launch.MavenLaunchDelegate - I:\Training\Probits\Telstra\JFS\day1\mywebapp
2021-08-09 12:32:04,060 [Worker-39: Launching mywebapp (2)] INFO  o.e.m.i.launch.MavenLaunchDelegate -  mvn -B clean
2021-08-09 12:51:47,950 [Worker-39: Building] WARN  o.e.m.c.i.embedder.EclipseLogger - Using platform encoding (Cp1252 actually) to copy filtered resources, i.e. build is platform dependent!
2021-08-09 12:51:47,953 [Worker-39: Building] INFO  o.e.m.c.i.embedder.EclipseLogger - Copying 0 resource
2021-08-09 12:51:47,957 [Worker-39: Building] WARN  o.e.m.c.i.embedder.EclipseLogger - Using platform encoding (Cp1252 actually) to copy filtered resources, i.e. build is platform dependent!
2021-08-09 12:51:47,958 [Worker-39: Building] INFO  o.e.m.c.i.embedder.EclipseLogger - skip non existing resourceDirectory I:\Training\Probits\Telstra\JFS\day1\mywebapp\src\test\resources
2021-08-09 12:51:47,958 [Worker-39: Building] INFO  o.e.m.w.i.f.ResourceFilteringBuildParticipant - Changed resources require a complete clean of filtered resources of mywebapp
2021-08-09 12:51:47,959 [Worker-39: Building] INFO  o.e.m.w.i.f.ResourceFilteringBuildParticipant - Executing resource filtering for mywebapp
2021-08-09 12:51:47,983 [Worker-39: Building] WARN  o.e.m.c.i.embedder.EclipseLogger - Using platform encoding (Cp1252 actually) to copy filtered resources, i.e. build is platform dependent!
2021-08-09 12:54:06,330 [Worker-45: Building] INFO  o.e.m.c.i.l.LifecycleMappingFactory - Using org.maven.ide.eclipse.wtp.WarLifecycleMapping lifecycle mapping for MavenProject: com.telstraweb:mywebapp:0.0.1-SNAPSHOT @ I:\Training\Probits\Telstra\JFS\day1\gitweb\mavenweb\pom.xml.
2021-08-09 12:54:06,687 [Worker-45: Building] WARN  o.e.m.c.i.embedder.EclipseLogger - Using platform encoding (Cp1252 actually) to copy filtered resources, i.e. build is platform dependent!
2021-08-09 12:54:06,688 [Worker-45: Building] INFO  o.e.m.c.i.embedder.EclipseLogger - skip non existing resourceDirectory I:\Training\Probits\Telstra\JFS\day1\gitweb\mavenweb\src\main\resources
2021-08-09 12:54:06,689 [Worker-45: Building] WARN  o.e.m.c.i.embedder.EclipseLogger - Using platform encoding (Cp1252 actually) to copy filtered resources, i.e. build is platform dependent!
2021-08-09 12:54:06,690 [Worker-45: Building] INFO  o.e.m.c.i.embedder.EclipseLogger - skip non existing resourceDirectory I:\Training\Probits\Telstra\JFS\day1\gitweb\mavenweb\src\test\resources
2021-08-09 12:56:10,658 [Worker-47: Building] WARN  o.e.m.c.i.embedder.EclipseLogger - Using platform encoding (Cp1252 actually) to copy filtered resources, i.e. build is platform dependent!
2021-08-09 12:56:10,660 [Worker-47: Building] INFO  o.e.m.c.i.embedder.EclipseLogger - skip non existing resourceDirectory I:\Training\Probits\Telstra\JFS\day1\gitweb\mavenweb\src\main\resources
2021-08-09 12:56:10,662 [Worker-47: Building] WARN  o.e.m.c.i.embedder.EclipseLogger - Using platform encoding (Cp1252 actually) to copy filtered resources, i.e. build is platform dependent!
2021-08-09 12:56:10,664 [Worker-47: Building] INFO  o.e.m.c.i.embedder.EclipseLogger - skip non existing resourceDirectory I:\Training\Probits\Telstra\JFS\day1\gitweb\mavenweb\src\test\resources
2021-08-09 12:56:34,219 [Worker-47: Building] INFO  o.e.m.c.i.l.LifecycleMappingFactory - Using org.maven.ide.eclipse.wtp.WarLifecycleMapping lifecycle mapping for MavenProject: com.telstraweb:mywebapp:0.0.1-SNAPSHOT @ I:\Training\Probits\Telstra\JFS\day1\gitweb\mavenweb\pom.xml.
2021-08-09 12:56:34,606 [Worker-47: Building] WARN  o.e.m.c.i.embedder.EclipseLogger - Using platform encoding (Cp1252 actually) to copy filtered resources, i.e. build is platform dependent!
2021-08-09 12:56:34,606 [Worker-47: Building] INFO  o.e.m.c.i.embedder.EclipseLogger - skip non existing resourceDirectory I:\Training\Probits\Telstra\JFS\day1\gitweb\mavenweb\src\main\resources
2021-08-09 12:56:34,607 [Worker-47: Building] WARN  o.e.m.c.i.embedder.EclipseLogger - Using platform encoding (Cp1252 actually) to copy filtered resources, i.e. build is platform dependent!
2021-08-09 12:56:34,608 [Worker-47: Building] INFO  o.e.m.c.i.embedder.EclipseLogger - skip non existing resourceDirectory I:\Training\Probits\Telstra\JFS\day1\gitweb\mavenweb\src\test\resources
2021-08-09 12:56:34,609 [Worker-47: Building] INFO  o.e.m.w.i.f.ResourceFilteringBuildParticipant - Changed resources require a complete clean of filtered resources of mywebapp
2021-08-09 12:56:34,609 [Worker-47: Building] INFO  o.e.m.w.i.f.ResourceFilteringBuildParticipant - Executing resource filtering for mywebapp
2021-08-09 12:56:34,615 [Worker-47: Building] WARN  o.e.m.c.i.embedder.EclipseLogger - Using platform encoding (Cp1252 actually) to copy filtered resources, i.e. build is platform dependent!
2021-08-09 13:29:41,503 [Worker-58: Launching Executing install in I__Training_Probits_Telstra_JFS_day1_gitweb_mavenweb] INFO  o.e.m.i.launch.MavenLaunchDelegate - I:\Training\Probits\Telstra\JFS\day1\gitweb\mavenweb
2021-08-09 13:29:41,503 [Worker-58: Launching Executing install in I__Training_Probits_Telstra_JFS_day1_gitweb_mavenweb] INFO  o.e.m.i.launch.MavenLaunchDelegate -  mvn -B install
2021-08-09 13:29:46,389 [Worker-58: Building] WARN  o.e.m.c.i.embedder.EclipseLogger - Using platform encoding (Cp1252 actually) to copy filtered resources, i.e. build is platform dependent!
2021-08-09 13:29:46,390 [Worker-58: Building] INFO  o.e.m.c.i.embedder.EclipseLogger - skip non existing resourceDirectory I:\Training\Probits\Telstra\JFS\day1\gitweb\mavenweb\src\main\resources
2021-08-09 13:29:46,392 [Worker-58: Building] WARN  o.e.m.c.i.embedder.EclipseLogger - Using platform encoding (Cp1252 actually) to copy filtered resources, i.e. build is platform dependent!
2021-08-09 13:29:46,394 [Worker-58: Building] INFO  o.e.m.c.i.embedder.EclipseLogger - skip non existing resourceDirectory I:\Training\Probits\Telstra\JFS\day1\gitweb\mavenweb\src\test\resources
2021-08-09 13:40:17,857 [Worker-65: Updating Maven Project] INFO  o.e.m.c.i.p.ProjectConfigurationManager - Update started
2021-08-09 13:40:17,938 [Worker-65: Updating Maven Project] INFO  o.e.m.c.i.l.LifecycleMappingFactory - Using org.maven.ide.eclipse.wtp.WarLifecycleMapping lifecycle mapping for MavenProject: com.telstraweb:mywebapp:0.0.1-SNAPSHOT @ I:\Training\Probits\Telstra\JFS\day1\gitweb\mavenweb\pom.xml.
2021-08-09 13:40:18,235 [Worker-65: Updating Maven Project] INFO  o.e.m.j.i.AbstractJavaProjectConfigurator - Adding source folder /mywebapp/src/main/java
2021-08-09 13:40:18,236 [Worker-65: Updating Maven Project] INFO  o.e.m.j.i.AbstractJavaProjectConfigurator - Adding source folder /mywebapp/src/test/java
2021-08-09 13:40:18,649 [Worker-65: Updating Maven Project] INFO  o.e.m.w.i.f.ResourceFilteringBuildParticipant - Cleaning filtered folder for mywebapp
2021-08-09 13:40:18,660 [Worker-65: Updating Maven Project] INFO  o.e.m.c.i.p.ProjectConfigurationManager - Update completed: 0 sec
2021-08-09 13:40:18,834 [Worker-66: Building] WARN  o.e.m.c.i.embedder.EclipseLogger - Using platform encoding (Cp1252 actually) to copy filtered resources, i.e. build is platform dependent!
2021-08-09 13:40:18,834 [Worker-66: Building] INFO  o.e.m.c.i.embedder.EclipseLogger - skip non existing resourceDirectory I:\Training\Probits\Telstra\JFS\day1\gitweb\mavenweb\src\main\resources
2021-08-09 13:40:18,838 [Worker-66: Building] WARN  o.e.m.c.i.embedder.EclipseLogger - Using platform encoding (Cp1252 actually) to copy filtered resources, i.e. build is platform dependent!
2021-08-09 13:40:18,839 [Worker-66: Building] INFO  o.e.m.c.i.embedder.EclipseLogger - skip non existing resourceDirectory I:\Training\Probits\Telstra\JFS\day1\gitweb\mavenweb\src\test\resources
2021-08-09 13:40:18,839 [Worker-66: Building] INFO  o.e.m.w.i.f.ResourceFilteringBuildParticipant - Changed resources require a complete clean of filtered resources of mywebapp
2021-08-09 13:40:18,839 [Worker-66: Building] INFO  o.e.m.w.i.f.ResourceFilteringBuildParticipant - Executing resource filtering for mywebapp
2021-08-09 13:40:18,844 [Worker-66: Building] WARN  o.e.m.c.i.embedder.EclipseLogger - Using platform encoding (Cp1252 actually) to copy filtered resources, i.e. build is platform dependent!
2021-08-09 16:56:47,304 [Worker-101: Building] INFO  o.e.m.c.i.e.AbstractTransferListenerAdapter - Downloading https://repo.maven.apache.org/maven2/org/mortbay/jetty/jetty-maven-plugin/maven-metadata.xml
2021-08-09 16:56:47,590 [Worker-101: Building] INFO  o.e.m.c.i.e.AbstractTransferListenerAdapter - Downloaded https://repo.maven.apache.org/maven2/org/mortbay/jetty/jetty-maven-plugin/maven-metadata.xml
2021-08-09 16:56:47,745 [Worker-101: Building] INFO  o.e.m.c.i.e.AbstractTransferListenerAdapter - Downloading https://repo.maven.apache.org/maven2/org/mortbay/jetty/jetty-maven-plugin/8.1.16.v20140903/jetty-maven-plugin-8.1.16.v20140903.pom
2021-08-09 16:56:48,015 [Worker-101: Building] INFO  o.e.m.c.i.e.AbstractTransferListenerAdapter - Downloaded https://repo.maven.apache.org/maven2/org/mortbay/jetty/jetty-maven-plugin/8.1.16.v20140903/jetty-maven-plugin-8.1.16.v20140903.pom
2021-08-09 16:56:48,163 [Worker-101: Building] INFO  o.e.m.c.i.e.AbstractTransferListenerAdapter - Downloading https://repo.maven.apache.org/maven2/org/mortbay/jetty/jetty-integration-project/8.1.16.v20140903/jetty-integration-project-8.1.16.v20140903.pom
2021-08-09 16:56:48,340 [Worker-101: Building] INFO  o.e.m.c.i.e.AbstractTransferListenerAdapter - Downloaded https://repo.maven.apache.org/maven2/org/mortbay/jetty/jetty-integration-project/8.1.16.v20140903/jetty-integration-project-8.1.16.v20140903.pom
2021-08-09 16:56:48,488 [Worker-101: Building] INFO  o.e.m.c.i.e.AbstractTransferListenerAdapter - Downloading https://repo.maven.apache.org/maven2/org/mortbay/jetty/jetty-parent/13/jetty-parent-13.pom
2021-08-09 16:56:48,676 [Worker-101: Building] INFO  o.e.m.c.i.e.AbstractTransferListenerAdapter - Downloaded https://repo.maven.apache.org/maven2/org/mortbay/jetty/jetty-parent/13/jetty-parent-13.pom
2021-08-09 16:56:48,823 [Worker-101: Building] INFO  o.e.m.c.i.e.AbstractTransferListenerAdapter - Downloading https://repo.maven.apache.org/maven2/org/eclipse/jetty/jetty-parent/19/jetty-parent-19.pom
2021-08-09 16:56:49,039 [Worker-101: Building] INFO  o.e.m.c.i.e.AbstractTransferListenerAdapter - Downloaded https://repo.maven.apache.org/maven2/org/eclipse/jetty/jetty-parent/19/jetty-parent-19.pom
2021-08-09 16:56:49,188 [Worker-101: Building] INFO  o.e.m.c.i.e.AbstractTransferListenerAdapter - Downloading https://repo.maven.apache.org/maven2/org/mortbay/jetty/jetty-maven-plugin/8.1.16.v20140903/jetty-maven-plugin-8.1.16.v20140903.jar
2021-08-09 16:56:49,562 [Worker-101: Building] INFO  o.e.m.c.i.e.AbstractTransferListenerAdapter - Downloaded https://repo.maven.apache.org/maven2/org/mortbay/jetty/jetty-maven-plugin/8.1.16.v20140903/jetty-maven-plugin-8.1.16.v20140903.jar
2021-08-09 16:56:49,603 [Worker-101: Building] INFO  o.e.m.c.i.l.LifecycleMappingFactory - Using org.maven.ide.eclipse.wtp.WarLifecycleMapping lifecycle mapping for MavenProject: com.telstraweb:mywebapp:0.0.1-SNAPSHOT @ I:\Training\Probits\Telstra\JFS\day1\gitweb\mavenweb\pom.xml.
2021-08-09 16:56:50,012 [Worker-101: Building] WARN  o.e.m.c.i.embedder.EclipseLogger - Using platform encoding (Cp1252 actually) to copy filtered resources, i.e. build is platform dependent!
2021-08-09 16:56:50,013 [Worker-101: Building] INFO  o.e.m.c.i.embedder.EclipseLogger - skip non existing resourceDirectory I:\Training\Probits\Telstra\JFS\day1\gitweb\mavenweb\src\main\resources
2021-08-09 16:56:50,015 [Worker-101: Building] WARN  o.e.m.c.i.embedder.EclipseLogger - Using platform encoding (Cp1252 actually) to copy filtered resources, i.e. build is platform dependent!
2021-08-09 16:56:50,016 [Worker-101: Building] INFO  o.e.m.c.i.embedder.EclipseLogger - skip non existing resourceDirectory I:\Training\Probits\Telstra\JFS\day1\gitweb\mavenweb\src\test\resources
2021-08-09 16:56:50,016 [Worker-101: Building] INFO  o.e.m.w.i.f.ResourceFilteringBuildParticipant - Changed resources require a complete clean of filtered resources of mywebapp
2021-08-09 16:56:50,016 [Worker-101: Building] INFO  o.e.m.w.i.f.ResourceFilteringBuildParticipant - Executing resource filtering for mywebapp
2021-08-09 16:56:50,020 [Worker-101: Building] WARN  o.e.m.c.i.embedder.EclipseLogger - Using platform encoding (Cp1252 actually) to copy filtered resources, i.e. build is platform dependent!
2021-08-09 16:58:09,567 [Worker-105: Building] INFO  o.e.m.c.i.l.LifecycleMappingFactory - Using org.maven.ide.eclipse.wtp.WarLifecycleMapping lifecycle mapping for MavenProject: com.telstraweb:mywebapp:0.0.1-SNAPSHOT @ I:\Training\Probits\Telstra\JFS\day1\gitweb\mavenweb\pom.xml.
2021-08-09 16:58:09,896 [Worker-105: Building] WARN  o.e.m.c.i.embedder.EclipseLogger - Using platform encoding (Cp1252 actually) to copy filtered resources, i.e. build is platform dependent!
2021-08-09 16:58:09,897 [Worker-105: Building] INFO  o.e.m.c.i.embedder.EclipseLogger - skip non existing resourceDirectory I:\Training\Probits\Telstra\JFS\day1\gitweb\mavenweb\src\main\resources
2021-08-09 16:58:09,898 [Worker-105: Building] WARN  o.e.m.c.i.embedder.EclipseLogger - Using platform encoding (Cp1252 actually) to copy filtered resources, i.e. build is platform dependent!
2021-08-09 16:58:09,899 [Worker-105: Building] INFO  o.e.m.c.i.embedder.EclipseLogger - skip non existing resourceDirectory I:\Training\Probits\Telstra\JFS\day1\gitweb\mavenweb\src\test\resources
2021-08-09 16:58:09,899 [Worker-105: Building] INFO  o.e.m.w.i.f.ResourceFilteringBuildParticipant - Changed resources require a complete clean of filtered resources of mywebapp
2021-08-09 16:58:09,899 [Worker-105: Building] INFO  o.e.m.w.i.f.ResourceFilteringBuildParticipant - Executing resource filtering for mywebapp
2021-08-09 16:58:09,904 [Worker-105: Building] WARN  o.e.m.c.i.embedder.EclipseLogger - Using platform encoding (Cp1252 actually) to copy filtered resources, i.e. build is platform dependent!
2021-08-09 16:58:17,319 [Worker-106: Building] INFO  o.e.m.c.i.l.LifecycleMappingFactory - Using org.maven.ide.eclipse.wtp.WarLifecycleMapping lifecycle mapping for MavenProject: com.telstraweb:mywebapp:0.0.1-SNAPSHOT @ I:\Training\Probits\Telstra\JFS\day1\gitweb\mavenweb\pom.xml.
2021-08-09 16:58:17,727 [Worker-106: Building] WARN  o.e.m.c.i.embedder.EclipseLogger - Using platform encoding (Cp1252 actually) to copy filtered resources, i.e. build is platform dependent!
2021-08-09 16:58:17,728 [Worker-106: Building] INFO  o.e.m.c.i.embedder.EclipseLogger - skip non existing resourceDirectory I:\Training\Probits\Telstra\JFS\day1\gitweb\mavenweb\src\main\resources
2021-08-09 16:58:17,730 [Worker-106: Building] WARN  o.e.m.c.i.embedder.EclipseLogger - Using platform encoding (Cp1252 actually) to copy filtered resources, i.e. build is platform dependent!
2021-08-09 16:58:17,731 [Worker-106: Building] INFO  o.e.m.c.i.embedder.EclipseLogger - skip non existing resourceDirectory I:\Training\Probits\Telstra\JFS\day1\gitweb\mavenweb\src\test\resources
2021-08-09 16:58:17,731 [Worker-106: Building] INFO  o.e.m.w.i.f.ResourceFilteringBuildParticipant - Changed resources require a complete clean of filtered resources of mywebapp
2021-08-09 16:58:17,731 [Worker-106: Building] INFO  o.e.m.w.i.f.ResourceFilteringBuildParticipant - Executing resource filtering for mywebapp
2021-08-09 16:58:17,737 [Worker-106: Building] WARN  o.e.m.c.i.embedder.EclipseLogger - Using platform encoding (Cp1252 actually) to copy filtered resources, i.e. build is platform dependent!
2021-08-09 16:58:31,018 [Worker-102: Building] INFO  o.e.m.c.i.l.LifecycleMappingFactory - Using org.maven.ide.eclipse.wtp.WarLifecycleMapping lifecycle mapping for MavenProject: com.telstraweb:mywebapp:0.0.1-SNAPSHOT @ I:\Training\Probits\Telstra\JFS\day1\gitweb\mavenweb\pom.xml.
2021-08-09 16:58:31,330 [Worker-102: Building] WARN  o.e.m.c.i.embedder.EclipseLogger - Using platform encoding (Cp1252 actually) to copy filtered resources, i.e. build is platform dependent!
2021-08-09 16:58:31,332 [Worker-102: Building] INFO  o.e.m.c.i.embedder.EclipseLogger - skip non existing resourceDirectory I:\Training\Probits\Telstra\JFS\day1\gitweb\mavenweb\src\main\resources
2021-08-09 16:58:31,334 [Worker-102: Building] WARN  o.e.m.c.i.embedder.EclipseLogger - Using platform encoding (Cp1252 actually) to copy filtered resources, i.e. build is platform dependent!
2021-08-09 16:58:31,340 [Worker-102: Building] INFO  o.e.m.c.i.embedder.EclipseLogger - skip non existing resourceDirectory I:\Training\Probits\Telstra\JFS\day1\gitweb\mavenweb\src\test\resources
2021-08-09 16:58:31,340 [Worker-102: Building] INFO  o.e.m.w.i.f.ResourceFilteringBuildParticipant - Changed resources require a complete clean of filtered resources of mywebapp
2021-08-09 16:58:31,340 [Worker-102: Building] INFO  o.e.m.w.i.f.ResourceFilteringBuildParticipant - Executing resource filtering for mywebapp
2021-08-09 16:58:31,347 [Worker-102: Building] WARN  o.e.m.c.i.embedder.EclipseLogger - Using platform encoding (Cp1252 actually) to copy filtered resources, i.e. build is platform dependent!
2021-08-09 16:59:22,670 [Worker-101: Building] INFO  o.e.m.c.i.l.LifecycleMappingFactory - Using org.maven.ide.eclipse.wtp.WarLifecycleMapping lifecycle mapping for MavenProject: com.telstraweb:mywebapp:0.0.1-SNAPSHOT @ I:\Training\Probits\Telstra\JFS\day1\gitweb\mavenweb\pom.xml.
2021-08-09 16:59:22,979 [Worker-101: Building] WARN  o.e.m.c.i.embedder.EclipseLogger - Using platform encoding (Cp1252 actually) to copy filtered resources, i.e. build is platform dependent!
2021-08-09 16:59:22,980 [Worker-101: Building] INFO  o.e.m.c.i.embedder.EclipseLogger - skip non existing resourceDirectory I:\Training\Probits\Telstra\JFS\day1\gitweb\mavenweb\src\main\resources
2021-08-09 16:59:22,981 [Worker-101: Building] WARN  o.e.m.c.i.embedder.EclipseLogger - Using platform encoding (Cp1252 actually) to copy filtered resources, i.e. build is platform dependent!
2021-08-09 16:59:22,982 [Worker-101: Building] INFO  o.e.m.c.i.embedder.EclipseLogger - skip non existing resourceDirectory I:\Training\Probits\Telstra\JFS\day1\gitweb\mavenweb\src\test\resources
2021-08-09 16:59:22,982 [Worker-101: Building] INFO  o.e.m.w.i.f.ResourceFilteringBuildParticipant - Changed resources require a complete clean of filtered resources of mywebapp
2021-08-09 16:59:22,982 [Worker-101: Building] INFO  o.e.m.w.i.f.ResourceFilteringBuildParticipant - Executing resource filtering for mywebapp
2021-08-09 16:59:22,985 [Worker-101: Building] WARN  o.e.m.c.i.embedder.EclipseLogger - Using platform encoding (Cp1252 actually) to copy filtered resources, i.e. build is platform dependent!
2021-08-09 16:59:34,408 [Worker-101: Building] INFO  o.e.m.c.i.l.LifecycleMappingFactory - Using org.maven.ide.eclipse.wtp.WarLifecycleMapping lifecycle mapping for MavenProject: com.telstraweb:mywebapp:0.0.1-SNAPSHOT @ I:\Training\Probits\Telstra\JFS\day1\gitweb\mavenweb\pom.xml.
2021-08-09 16:59:34,805 [Worker-101: Building] WARN  o.e.m.c.i.embedder.EclipseLogger - Using platform encoding (Cp1252 actually) to copy filtered resources, i.e. build is platform dependent!
2021-08-09 16:59:34,806 [Worker-101: Building] INFO  o.e.m.c.i.embedder.EclipseLogger - skip non existing resourceDirectory I:\Training\Probits\Telstra\JFS\day1\gitweb\mavenweb\src\main\resources
2021-08-09 16:59:34,807 [Worker-101: Building] WARN  o.e.m.c.i.embedder.EclipseLogger - Using platform encoding (Cp1252 actually) to copy filtered resources, i.e. build is platform dependent!
2021-08-09 16:59:34,808 [Worker-101: Building] INFO  o.e.m.c.i.embedder.EclipseLogger - skip non existing resourceDirectory I:\Training\Probits\Telstra\JFS\day1\gitweb\mavenweb\src\test\resources
2021-08-09 16:59:34,809 [Worker-101: Building] INFO  o.e.m.w.i.f.ResourceFilteringBuildParticipant - Changed resources require a complete clean of filtered resources of mywebapp
2021-08-09 16:59:34,809 [Worker-101: Building] INFO  o.e.m.w.i.f.ResourceFilteringBuildParticipant - Executing resource filtering for mywebapp
2021-08-09 16:59:34,814 [Worker-101: Building] WARN  o.e.m.c.i.embedder.EclipseLogger - Using platform encoding (Cp1252 actually) to copy filtered resources, i.e. build is platform dependent!
2021-08-09 17:00:01,896 [Worker-106: Building] INFO  o.e.m.c.i.l.LifecycleMappingFactory - Using org.maven.ide.eclipse.wtp.WarLifecycleMapping lifecycle mapping for MavenProject: com.telstraweb:mywebapp:0.0.1-SNAPSHOT @ I:\Training\Probits\Telstra\JFS\day1\gitweb\mavenweb\pom.xml.
2021-08-09 17:00:02,220 [Worker-106: Building] WARN  o.e.m.c.i.embedder.EclipseLogger - Using platform encoding (Cp1252 actually) to copy filtered resources, i.e. build is platform dependent!
2021-08-09 17:00:02,221 [Worker-106: Building] INFO  o.e.m.c.i.embedder.EclipseLogger - skip non existing resourceDirectory I:\Training\Probits\Telstra\JFS\day1\gitweb\mavenweb\src\main\resources
2021-08-09 17:00:02,222 [Worker-106: Building] WARN  o.e.m.c.i.embedder.EclipseLogger - Using platform encoding (Cp1252 actually) to copy filtered resources, i.e. build is platform dependent!
2021-08-09 17:00:02,223 [Worker-106: Building] INFO  o.e.m.c.i.embedder.EclipseLogger - skip non existing resourceDirectory I:\Training\Probits\Telstra\JFS\day1\gitweb\mavenweb\src\test\resources
2021-08-09 17:00:02,223 [Worker-106: Building] INFO  o.e.m.w.i.f.ResourceFilteringBuildParticipant - Changed resources require a complete clean of filtered resources of mywebapp
2021-08-09 17:00:02,224 [Worker-106: Building] INFO  o.e.m.w.i.f.ResourceFilteringBuildParticipant - Executing resource filtering for mywebapp
2021-08-09 17:00:02,228 [Worker-106: Building] WARN  o.e.m.c.i.embedder.EclipseLogger - Using platform encoding (Cp1252 actually) to copy filtered resources, i.e. build is platform dependent!
2021-08-09 17:01:51,525 [Worker-108: Building] INFO  o.e.m.c.i.l.LifecycleMappingFactory - Using org.maven.ide.eclipse.wtp.WarLifecycleMapping lifecycle mapping for MavenProject: com.telstraweb:mywebapp:0.0.1-SNAPSHOT @ I:\Training\Probits\Telstra\JFS\day1\gitweb\mavenweb\pom.xml.
2021-08-09 17:01:51,855 [Worker-108: Building] WARN  o.e.m.c.i.embedder.EclipseLogger - Using platform encoding (Cp1252 actually) to copy filtered resources, i.e. build is platform dependent!
2021-08-09 17:01:51,857 [Worker-108: Building] INFO  o.e.m.c.i.embedder.EclipseLogger - skip non existing resourceDirectory I:\Training\Probits\Telstra\JFS\day1\gitweb\mavenweb\src\main\resources
2021-08-09 17:01:51,858 [Worker-108: Building] WARN  o.e.m.c.i.embedder.EclipseLogger - Using platform encoding (Cp1252 actually) to copy filtered resources, i.e. build is platform dependent!
2021-08-09 17:01:51,859 [Worker-108: Building] INFO  o.e.m.c.i.embedder.EclipseLogger - skip non existing resourceDirectory I:\Training\Probits\Telstra\JFS\day1\gitweb\mavenweb\src\test\resources
2021-08-09 17:01:51,860 [Worker-108: Building] INFO  o.e.m.w.i.f.ResourceFilteringBuildParticipant - Changed resources require a complete clean of filtered resources of mywebapp
2021-08-09 17:01:51,860 [Worker-108: Building] INFO  o.e.m.w.i.f.ResourceFilteringBuildParticipant - Executing resource filtering for mywebapp
2021-08-09 17:01:51,864 [Worker-108: Building] WARN  o.e.m.c.i.embedder.EclipseLogger - Using platform encoding (Cp1252 actually) to copy filtered resources, i.e. build is platform dependent!
2021-08-09 17:10:01,752 [Worker-114: Building] WARN  o.e.m.c.i.embedder.EclipseLogger - Using platform encoding (Cp1252 actually) to copy filtered resources, i.e. build is platform dependent!
2021-08-09 17:10:01,753 [Worker-114: Building] INFO  o.e.m.c.i.embedder.EclipseLogger - skip non existing resourceDirectory I:\Training\Probits\Telstra\JFS\day1\gitweb\mavenweb\src\main\resources
2021-08-09 17:10:01,755 [Worker-114: Building] WARN  o.e.m.c.i.embedder.EclipseLogger - Using platform encoding (Cp1252 actually) to copy filtered resources, i.e. build is platform dependent!
2021-08-09 17:10:01,756 [Worker-114: Building] INFO  o.e.m.c.i.embedder.EclipseLogger - skip non existing resourceDirectory I:\Training\Probits\Telstra\JFS\day1\gitweb\mavenweb\src\test\resources
2021-08-09 17:10:09,714 [Worker-114: Launching Executing install in I__Training_Probits_Telstra_JFS_day1_gitweb_mavenweb] INFO  o.e.m.i.launch.MavenLaunchDelegate - I:\Training\Probits\Telstra\JFS\day1\gitweb\mavenweb
2021-08-09 17:10:09,714 [Worker-114: Launching Executing install in I__Training_Probits_Telstra_JFS_day1_gitweb_mavenweb] INFO  o.e.m.i.launch.MavenLaunchDelegate -  mvn -B install
2021-08-09 17:10:15,203 [Worker-113: Building] WARN  o.e.m.c.i.embedder.EclipseLogger - Using platform encoding (Cp1252 actually) to copy filtered resources, i.e. build is platform dependent!
2021-08-09 17:10:15,204 [Worker-113: Building] INFO  o.e.m.c.i.embedder.EclipseLogger - skip non existing resourceDirectory I:\Training\Probits\Telstra\JFS\day1\gitweb\mavenweb\src\main\resources
2021-08-09 17:10:15,207 [Worker-113: Building] WARN  o.e.m.c.i.embedder.EclipseLogger - Using platform encoding (Cp1252 actually) to copy filtered resources, i.e. build is platform dependent!
2021-08-09 17:10:15,207 [Worker-113: Building] INFO  o.e.m.c.i.embedder.EclipseLogger - skip non existing resourceDirectory I:\Training\Probits\Telstra\JFS\day1\gitweb\mavenweb\src\test\resources
2021-08-09 17:14:01,849 [Worker-118: Building] INFO  o.e.m.c.i.l.LifecycleMappingFactory - Using org.maven.ide.eclipse.wtp.WarLifecycleMapping lifecycle mapping for MavenProject: com.telstraweb:mywebapp:0.0.1-SNAPSHOT @ I:\Training\Probits\Telstra\JFS\day1\gitweb\mavenweb\pom.xml.
2021-08-09 17:14:02,460 [Worker-118: Building] WARN  o.e.m.c.i.embedder.EclipseLogger - Using platform encoding (Cp1252 actually) to copy filtered resources, i.e. build is platform dependent!
2021-08-09 17:14:02,461 [Worker-118: Building] INFO  o.e.m.c.i.embedder.EclipseLogger - skip non existing resourceDirectory I:\Training\Probits\Telstra\JFS\day1\gitweb\mavenweb\src\main\resources
2021-08-09 17:14:02,464 [Worker-118: Building] WARN  o.e.m.c.i.embedder.EclipseLogger - Using platform encoding (Cp1252 actually) to copy filtered resources, i.e. build is platform dependent!
2021-08-09 17:14:02,465 [Worker-118: Building] INFO  o.e.m.c.i.embedder.EclipseLogger - skip non existing resourceDirectory I:\Training\Probits\Telstra\JFS\day1\gitweb\mavenweb\src\test\resources
2021-08-09 17:14:02,466 [Worker-118: Building] INFO  o.e.m.w.i.f.ResourceFilteringBuildParticipant - Changed resources require a complete clean of filtered resources of mywebapp
2021-08-09 17:14:02,466 [Worker-118: Building] INFO  o.e.m.w.i.f.ResourceFilteringBuildParticipant - Executing resource filtering for mywebapp
2021-08-09 17:14:02,470 [Worker-118: Building] WARN  o.e.m.c.i.embedder.EclipseLogger - Using platform encoding (Cp1252 actually) to copy filtered resources, i.e. build is platform dependent!
2021-08-09 17:14:05,694 [Worker-118: Building] INFO  o.e.m.c.i.l.LifecycleMappingFactory - Using org.maven.ide.eclipse.wtp.WarLifecycleMapping lifecycle mapping for MavenProject: com.telstraweb:mywebapp:0.0.1-SNAPSHOT @ I:\Training\Probits\Telstra\JFS\day1\gitweb\mavenweb\pom.xml.
2021-08-09 17:14:06,045 [Worker-118: Building] WARN  o.e.m.c.i.embedder.EclipseLogger - Using platform encoding (Cp1252 actually) to copy filtered resources, i.e. build is platform dependent!
2021-08-09 17:14:06,046 [Worker-118: Building] INFO  o.e.m.c.i.embedder.EclipseLogger - skip non existing resourceDirectory I:\Training\Probits\Telstra\JFS\day1\gitweb\mavenweb\src\main\resources
2021-08-09 17:14:06,047 [Worker-118: Building] WARN  o.e.m.c.i.embedder.EclipseLogger - Using platform encoding (Cp1252 actually) to copy filtered resources, i.e. build is platform dependent!
2021-08-09 17:14:06,048 [Worker-118: Building] INFO  o.e.m.c.i.embedder.EclipseLogger - skip non existing resourceDirectory I:\Training\Probits\Telstra\JFS\day1\gitweb\mavenweb\src\test\resources
2021-08-09 17:14:06,049 [Worker-118: Building] INFO  o.e.m.w.i.f.ResourceFilteringBuildParticipant - Changed resources require a complete clean of filtered resources of mywebapp
2021-08-09 17:14:06,049 [Worker-118: Building] INFO  o.e.m.w.i.f.ResourceFilteringBuildParticipant - Executing resource filtering for mywebapp
2021-08-09 17:14:06,053 [Worker-118: Building] WARN  o.e.m.c.i.embedder.EclipseLogger - Using platform encoding (Cp1252 actually) to copy filtered resources, i.e. build is platform dependent!
2021-08-09 17:14:16,717 [Worker-119: Launching Executing clean in I__Training_Probits_Telstra_JFS_day1_gitweb_mavenweb] INFO  o.e.m.i.launch.MavenLaunchDelegate - I:\Training\Probits\Telstra\JFS\day1\gitweb\mavenweb
2021-08-09 17:14:16,717 [Worker-119: Launching Executing clean in I__Training_Probits_Telstra_JFS_day1_gitweb_mavenweb] INFO  o.e.m.i.launch.MavenLaunchDelegate -  mvn -B clean
2021-08-09 17:14:20,078 [Worker-117: Building] WARN  o.e.m.c.i.embedder.EclipseLogger - Using platform encoding (Cp1252 actually) to copy filtered resources, i.e. build is platform dependent!
2021-08-09 17:14:20,079 [Worker-117: Building] INFO  o.e.m.c.i.embedder.EclipseLogger - skip non existing resourceDirectory I:\Training\Probits\Telstra\JFS\day1\gitweb\mavenweb\src\main\resources
2021-08-09 17:14:20,080 [Worker-117: Building] WARN  o.e.m.c.i.embedder.EclipseLogger - Using platform encoding (Cp1252 actually) to copy filtered resources, i.e. build is platform dependent!
2021-08-09 17:14:20,081 [Worker-117: Building] INFO  o.e.m.c.i.embedder.EclipseLogger - skip non existing resourceDirectory I:\Training\Probits\Telstra\JFS\day1\gitweb\mavenweb\src\test\resources
2021-08-09 17:14:20,081 [Worker-117: Building] INFO  o.e.m.w.i.f.ResourceFilteringBuildParticipant - Changed resources require a complete clean of filtered resources of mywebapp
2021-08-09 17:14:20,081 [Worker-117: Building] INFO  o.e.m.w.i.f.ResourceFilteringBuildParticipant - Executing resource filtering for mywebapp
2021-08-09 17:14:20,085 [Worker-117: Building] WARN  o.e.m.c.i.embedder.EclipseLogger - Using platform encoding (Cp1252 actually) to copy filtered resources, i.e. build is platform dependent!
2021-08-09 17:14:30,127 [Worker-115: Launching Executing install in I__Training_Probits_Telstra_JFS_day1_gitweb_mavenweb] INFO  o.e.m.i.launch.MavenLaunchDelegate - I:\Training\Probits\Telstra\JFS\day1\gitweb\mavenweb
2021-08-09 17:14:30,127 [Worker-115: Launching Executing install in I__Training_Probits_Telstra_JFS_day1_gitweb_mavenweb] INFO  o.e.m.i.launch.MavenLaunchDelegate -  mvn -B install
2021-08-09 17:14:35,339 [Worker-115: Building] WARN  o.e.m.c.i.embedder.EclipseLogger - Using platform encoding (Cp1252 actually) to copy filtered resources, i.e. build is platform dependent!
2021-08-09 17:14:35,341 [Worker-115: Building] INFO  o.e.m.c.i.embedder.EclipseLogger - skip non existing resourceDirectory I:\Training\Probits\Telstra\JFS\day1\gitweb\mavenweb\src\main\resources
2021-08-09 17:14:35,342 [Worker-115: Building] WARN  o.e.m.c.i.embedder.EclipseLogger - Using platform encoding (Cp1252 actually) to copy filtered resources, i.e. build is platform dependent!
2021-08-09 17:14:35,344 [Worker-115: Building] INFO  o.e.m.c.i.embedder.EclipseLogger - skip non existing resourceDirectory I:\Training\Probits\Telstra\JFS\day1\gitweb\mavenweb\src\test\resources
2021-08-09 17:23:35,903 [Worker-122: Building] INFO  o.e.m.c.i.l.LifecycleMappingFactory - Using org.maven.ide.eclipse.wtp.WarLifecycleMapping lifecycle mapping for MavenProject: com.telstraweb:mywebapp:0.0.1-SNAPSHOT @ I:\Training\Probits\Telstra\JFS\day1\gitweb\mavenweb\pom.xml.
2021-08-09 17:23:36,808 [Worker-122: Building] INFO  o.e.m.c.i.e.AbstractTransferListenerAdapter - Downloading https://repo.maven.apache.org/maven2/org/codehaus/cargo/cargo-maven2-plugin/1.9.0/cargo-maven2-plugin-1.9.0.pom
2021-08-09 17:23:37,096 [Worker-122: Building] INFO  o.e.m.c.i.e.AbstractTransferListenerAdapter - Downloaded https://repo.maven.apache.org/maven2/org/codehaus/cargo/cargo-maven2-plugin/1.9.0/cargo-maven2-plugin-1.9.0.pom
2021-08-09 17:23:37,264 [Worker-122: Building] INFO  o.e.m.c.i.e.AbstractTransferListenerAdapter - Downloading https://repo.maven.apache.org/maven2/org/codehaus/cargo/cargo-extensions-maven2/1.9.0/cargo-extensions-maven2-1.9.0.pom
2021-08-09 17:23:37,457 [Worker-122: Building] INFO  o.e.m.c.i.e.AbstractTransferListenerAdapter - Downloaded https://repo.maven.apache.org/maven2/org/codehaus/cargo/cargo-extensions-maven2/1.9.0/cargo-extensions-maven2-1.9.0.pom
2021-08-09 17:23:37,642 [Worker-122: Building] INFO  o.e.m.c.i.e.AbstractTransferListenerAdapter - Downloading https://repo.maven.apache.org/maven2/org/codehaus/cargo/cargo-extensions/1.9.0/cargo-extensions-1.9.0.pom
2021-08-09 17:23:37,863 [Worker-122: Building] INFO  o.e.m.c.i.e.AbstractTransferListenerAdapter - Downloaded https://repo.maven.apache.org/maven2/org/codehaus/cargo/cargo-extensions/1.9.0/cargo-extensions-1.9.0.pom
2021-08-09 17:23:38,009 [Worker-122: Building] INFO  o.e.m.c.i.e.AbstractTransferListenerAdapter - Downloading https://repo.maven.apache.org/maven2/org/codehaus/cargo/codehaus-cargo/1.9.0/codehaus-cargo-1.9.0.pom
2021-08-09 17:23:38,284 [Worker-122: Building] INFO  o.e.m.c.i.e.AbstractTransferListenerAdapter - Downloaded https://repo.maven.apache.org/maven2/org/codehaus/cargo/codehaus-cargo/1.9.0/codehaus-cargo-1.9.0.pom
2021-08-09 17:23:38,478 [Worker-122: Building] INFO  o.e.m.c.i.e.AbstractTransferListenerAdapter - Downloading https://repo.maven.apache.org/maven2/org/codehaus/cargo/cargo-maven3-plugin/1.9.0/cargo-maven3-plugin-1.9.0.pom
2021-08-09 17:23:38,768 [Worker-122: Building] INFO  o.e.m.c.i.e.AbstractTransferListenerAdapter - Downloaded https://repo.maven.apache.org/maven2/org/codehaus/cargo/cargo-maven3-plugin/1.9.0/cargo-maven3-plugin-1.9.0.pom
2021-08-09 17:23:38,916 [Worker-122: Building] INFO  o.e.m.c.i.e.AbstractTransferListenerAdapter - Downloading https://repo.maven.apache.org/maven2/org/codehaus/cargo/cargo-extensions-maven3/1.9.0/cargo-extensions-maven3-1.9.0.pom
2021-08-09 17:23:39,134 [Worker-122: Building] INFO  o.e.m.c.i.e.AbstractTransferListenerAdapter - Downloaded https://repo.maven.apache.org/maven2/org/codehaus/cargo/cargo-extensions-maven3/1.9.0/cargo-extensions-maven3-1.9.0.pom
2021-08-09 17:23:39,320 [Worker-122: Building] INFO  o.e.m.c.i.e.AbstractTransferListenerAdapter - Downloading https://repo.maven.apache.org/maven2/org/codehaus/cargo/cargo-maven3-plugin/1.9.0/cargo-maven3-plugin-1.9.0.jar
2021-08-09 17:23:39,632 [Worker-122: Building] INFO  o.e.m.c.i.e.AbstractTransferListenerAdapter - Downloaded https://repo.maven.apache.org/maven2/org/codehaus/cargo/cargo-maven3-plugin/1.9.0/cargo-maven3-plugin-1.9.0.jar
2021-08-09 17:23:40,302 [Worker-122: Building] WARN  o.e.m.c.i.embedder.EclipseLogger - Using platform encoding (Cp1252 actually) to copy filtered resources, i.e. build is platform dependent!
2021-08-09 17:23:40,303 [Worker-122: Building] INFO  o.e.m.c.i.embedder.EclipseLogger - skip non existing resourceDirectory I:\Training\Probits\Telstra\JFS\day1\gitweb\mavenweb\src\main\resources
2021-08-09 17:23:40,304 [Worker-122: Building] WARN  o.e.m.c.i.embedder.EclipseLogger - Using platform encoding (Cp1252 actually) to copy filtered resources, i.e. build is platform dependent!
2021-08-09 17:23:40,305 [Worker-122: Building] INFO  o.e.m.c.i.embedder.EclipseLogger - skip non existing resourceDirectory I:\Training\Probits\Telstra\JFS\day1\gitweb\mavenweb\src\test\resources
2021-08-09 17:23:40,305 [Worker-122: Building] INFO  o.e.m.w.i.f.ResourceFilteringBuildParticipant - Changed resources require a complete clean of filtered resources of mywebapp
2021-08-09 17:23:40,305 [Worker-122: Building] INFO  o.e.m.w.i.f.ResourceFilteringBuildParticipant - Executing resource filtering for mywebapp
2021-08-09 17:23:40,309 [Worker-122: Building] WARN  o.e.m.c.i.embedder.EclipseLogger - Using platform encoding (Cp1252 actually) to copy filtered resources, i.e. build is platform dependent!
2021-08-09 17:24:47,655 [Worker-119: Building] INFO  o.e.m.c.i.l.LifecycleMappingFactory - Using org.maven.ide.eclipse.wtp.WarLifecycleMapping lifecycle mapping for MavenProject: com.telstraweb:mywebapp:0.0.1-SNAPSHOT @ I:\Training\Probits\Telstra\JFS\day1\gitweb\mavenweb\pom.xml.
2021-08-09 17:24:48,004 [Worker-119: Building] WARN  o.e.m.c.i.embedder.EclipseLogger - Using platform encoding (Cp1252 actually) to copy filtered resources, i.e. build is platform dependent!
2021-08-09 17:24:48,006 [Worker-119: Building] INFO  o.e.m.c.i.embedder.EclipseLogger - skip non existing resourceDirectory I:\Training\Probits\Telstra\JFS\day1\gitweb\mavenweb\src\main\resources
2021-08-09 17:24:48,008 [Worker-119: Building] WARN  o.e.m.c.i.embedder.EclipseLogger - Using platform encoding (Cp1252 actually) to copy filtered resources, i.e. build is platform dependent!
2021-08-09 17:24:48,009 [Worker-119: Building] INFO  o.e.m.c.i.embedder.EclipseLogger - skip non existing resourceDirectory I:\Training\Probits\Telstra\JFS\day1\gitweb\mavenweb\src\test\resources
2021-08-09 17:24:48,009 [Worker-119: Building] INFO  o.e.m.w.i.f.ResourceFilteringBuildParticipant - Changed resources require a complete clean of filtered resources of mywebapp
2021-08-09 17:24:48,009 [Worker-119: Building] INFO  o.e.m.w.i.f.ResourceFilteringBuildParticipant - Executing resource filtering for mywebapp
2021-08-09 17:24:48,014 [Worker-119: Building] WARN  o.e.m.c.i.embedder.EclipseLogger - Using platform encoding (Cp1252 actually) to copy filtered resources, i.e. build is platform dependent!
2021-08-09 17:25:41,500 [Worker-123: Building] INFO  o.e.m.c.i.l.LifecycleMappingFactory - Using org.maven.ide.eclipse.wtp.WarLifecycleMapping lifecycle mapping for MavenProject: com.telstraweb:mywebapp:0.0.1-SNAPSHOT @ I:\Training\Probits\Telstra\JFS\day1\gitweb\mavenweb\pom.xml.
2021-08-09 17:25:41,913 [Worker-123: Building] WARN  o.e.m.c.i.embedder.EclipseLogger - Using platform encoding (Cp1252 actually) to copy filtered resources, i.e. build is platform dependent!
2021-08-09 17:25:41,913 [Worker-123: Building] INFO  o.e.m.c.i.embedder.EclipseLogger - skip non existing resourceDirectory I:\Training\Probits\Telstra\JFS\day1\gitweb\mavenweb\src\main\resources
2021-08-09 17:25:41,914 [Worker-123: Building] WARN  o.e.m.c.i.embedder.EclipseLogger - Using platform encoding (Cp1252 actually) to copy filtered resources, i.e. build is platform dependent!
2021-08-09 17:25:41,915 [Worker-123: Building] INFO  o.e.m.c.i.embedder.EclipseLogger - skip non existing resourceDirectory I:\Training\Probits\Telstra\JFS\day1\gitweb\mavenweb\src\test\resources
2021-08-09 17:25:41,916 [Worker-123: Building] INFO  o.e.m.w.i.f.ResourceFilteringBuildParticipant - Changed resources require a complete clean of filtered resources of mywebapp
2021-08-09 17:25:41,916 [Worker-123: Building] INFO  o.e.m.w.i.f.ResourceFilteringBuildParticipant - Executing resource filtering for mywebapp
2021-08-09 17:25:41,920 [Worker-123: Building] WARN  o.e.m.c.i.embedder.EclipseLogger - Using platform encoding (Cp1252 actually) to copy filtered resources, i.e. build is platform dependent!
2021-08-09 17:25:43,180 [Worker-123: Building] INFO  o.e.m.c.i.l.LifecycleMappingFactory - Using org.maven.ide.eclipse.wtp.WarLifecycleMapping lifecycle mapping for MavenProject: com.telstraweb:mywebapp:0.0.1-SNAPSHOT @ I:\Training\Probits\Telstra\JFS\day1\gitweb\mavenweb\pom.xml.
2021-08-09 17:25:43,544 [Worker-123: Building] WARN  o.e.m.c.i.embedder.EclipseLogger - Using platform encoding (Cp1252 actually) to copy filtered resources, i.e. build is platform dependent!
2021-08-09 17:25:43,545 [Worker-123: Building] INFO  o.e.m.c.i.embedder.EclipseLogger - skip non existing resourceDirectory I:\Training\Probits\Telstra\JFS\day1\gitweb\mavenweb\src\main\resources
2021-08-09 17:25:43,546 [Worker-123: Building] WARN  o.e.m.c.i.embedder.EclipseLogger - Using platform encoding (Cp1252 actually) to copy filtered resources, i.e. build is platform dependent!
2021-08-09 17:25:43,547 [Worker-123: Building] INFO  o.e.m.c.i.embedder.EclipseLogger - skip non existing resourceDirectory I:\Training\Probits\Telstra\JFS\day1\gitweb\mavenweb\src\test\resources
2021-08-09 17:25:43,547 [Worker-123: Building] INFO  o.e.m.w.i.f.ResourceFilteringBuildParticipant - Changed resources require a complete clean of filtered resources of mywebapp
2021-08-09 17:25:43,547 [Worker-123: Building] INFO  o.e.m.w.i.f.ResourceFilteringBuildParticipant - Executing resource filtering for mywebapp
2021-08-09 17:25:43,551 [Worker-123: Building] WARN  o.e.m.c.i.embedder.EclipseLogger - Using platform encoding (Cp1252 actually) to copy filtered resources, i.e. build is platform dependent!
2021-08-09 17:25:50,127 [main] INFO  o.e.m2e.actions.ExecutePomAction - Creating new launch configuration
2021-08-09 17:26:37,427 [Worker-120: Launching mavenweb] INFO  o.e.m.i.launch.MavenLaunchDelegate - I:\Training\Probits\Telstra\JFS\day1\gitweb\mavenweb
2021-08-09 17:26:37,428 [Worker-120: Launching mavenweb] INFO  o.e.m.i.launch.MavenLaunchDelegate -  mvn -B tomcat:run
2021-08-09 17:28:39,576 [Worker-121: Launching Executing install in I__Training_Probits_Telstra_JFS_day1_gitweb_mavenweb] INFO  o.e.m.i.launch.MavenLaunchDelegate - I:\Training\Probits\Telstra\JFS\day1\gitweb\mavenweb
2021-08-09 17:28:39,576 [Worker-121: Launching Executing install in I__Training_Probits_Telstra_JFS_day1_gitweb_mavenweb] INFO  o.e.m.i.launch.MavenLaunchDelegate -  mvn -B install
2021-08-09 17:28:46,041 [Worker-120: Building] WARN  o.e.m.c.i.embedder.EclipseLogger - Using platform encoding (Cp1252 actually) to copy filtered resources, i.e. build is platform dependent!
2021-08-09 17:28:46,042 [Worker-120: Building] INFO  o.e.m.c.i.embedder.EclipseLogger - skip non existing resourceDirectory I:\Training\Probits\Telstra\JFS\day1\gitweb\mavenweb\src\main\resources
2021-08-09 17:28:46,043 [Worker-120: Building] WARN  o.e.m.c.i.embedder.EclipseLogger - Using platform encoding (Cp1252 actually) to copy filtered resources, i.e. build is platform dependent!
2021-08-09 17:28:46,044 [Worker-120: Building] INFO  o.e.m.c.i.embedder.EclipseLogger - skip non existing resourceDirectory I:\Training\Probits\Telstra\JFS\day1\gitweb\mavenweb\src\test\resources
2021-08-09 17:28:54,230 [main] INFO  o.e.m2e.actions.ExecutePomAction - Creating new launch configuration
2021-08-09 17:29:11,495 [Worker-124: Launching mavenweb (1)] INFO  o.e.m.i.launch.MavenLaunchDelegate - I:\Training\Probits\Telstra\JFS\day1\gitweb\mavenweb
2021-08-09 17:29:11,496 [Worker-124: Launching mavenweb (1)] INFO  o.e.m.i.launch.MavenLaunchDelegate -  mvn -B tomcat:run
2021-08-09 17:31:45,144 [main] INFO  o.e.m2e.actions.ExecutePomAction - Creating new launch configuration
2021-08-09 17:31:52,093 [Worker-126: Launching mavenweb (2)] INFO  o.e.m.i.launch.MavenLaunchDelegate - I:\Training\Probits\Telstra\JFS\day1\gitweb\mavenweb
2021-08-09 17:31:52,093 [Worker-126: Launching mavenweb (2)] INFO  o.e.m.i.launch.MavenLaunchDelegate -  mvn -B tomcat:run
2021-08-09 17:33:22,644 [Worker-123: Building] INFO  o.e.m.c.i.l.LifecycleMappingFactory - Using org.maven.ide.eclipse.wtp.WarLifecycleMapping lifecycle mapping for MavenProject: com.telstraweb:mywebapp:0.0.1-SNAPSHOT @ I:\Training\Probits\Telstra\JFS\day1\gitweb\mavenweb\pom.xml.
2021-08-09 17:33:23,023 [Worker-123: Building] WARN  o.e.m.c.i.embedder.EclipseLogger - Using platform encoding (Cp1252 actually) to copy filtered resources, i.e. build is platform dependent!
2021-08-09 17:33:23,025 [Worker-123: Building] INFO  o.e.m.c.i.embedder.EclipseLogger - skip non existing resourceDirectory I:\Training\Probits\Telstra\JFS\day1\gitweb\mavenweb\src\main\resources
2021-08-09 17:33:23,025 [Worker-123: Building] WARN  o.e.m.c.i.embedder.EclipseLogger - Using platform encoding (Cp1252 actually) to copy filtered resources, i.e. build is platform dependent!
2021-08-09 17:33:23,026 [Worker-123: Building] INFO  o.e.m.c.i.embedder.EclipseLogger - skip non existing resourceDirectory I:\Training\Probits\Telstra\JFS\day1\gitweb\mavenweb\src\test\resources
2021-08-09 17:33:23,026 [Worker-123: Building] INFO  o.e.m.w.i.f.ResourceFilteringBuildParticipant - Changed resources require a complete clean of filtered resources of mywebapp
2021-08-09 17:33:23,026 [Worker-123: Building] INFO  o.e.m.w.i.f.ResourceFilteringBuildParticipant - Executing resource filtering for mywebapp
2021-08-09 17:33:23,029 [Worker-123: Building] WARN  o.e.m.c.i.embedder.EclipseLogger - Using platform encoding (Cp1252 actually) to copy filtered resources, i.e. build is platform dependent!
2021-08-09 17:33:30,447 [main] INFO  o.e.m2e.actions.ExecutePomAction - Creating new launch configuration
2021-08-09 17:33:43,587 [Worker-126: Launching Executing install in I__Training_Probits_Telstra_JFS_day1_gitweb_mavenweb] INFO  o.e.m.i.launch.MavenLaunchDelegate - I:\Training\Probits\Telstra\JFS\day1\gitweb\mavenweb
2021-08-09 17:33:43,588 [Worker-126: Launching Executing install in I__Training_Probits_Telstra_JFS_day1_gitweb_mavenweb] INFO  o.e.m.i.launch.MavenLaunchDelegate -  mvn -B install
2021-08-09 17:33:48,836 [Worker-124: Building] WARN  o.e.m.c.i.embedder.EclipseLogger - Using platform encoding (Cp1252 actually) to copy filtered resources, i.e. build is platform dependent!
2021-08-09 17:33:48,838 [Worker-124: Building] INFO  o.e.m.c.i.embedder.EclipseLogger - skip non existing resourceDirectory I:\Training\Probits\Telstra\JFS\day1\gitweb\mavenweb\src\main\resources
2021-08-09 17:33:48,840 [Worker-124: Building] WARN  o.e.m.c.i.embedder.EclipseLogger - Using platform encoding (Cp1252 actually) to copy filtered resources, i.e. build is platform dependent!
2021-08-09 17:33:48,841 [Worker-124: Building] INFO  o.e.m.c.i.embedder.EclipseLogger - skip non existing resourceDirectory I:\Training\Probits\Telstra\JFS\day1\gitweb\mavenweb\src\test\resources
2021-08-09 17:33:55,563 [main] INFO  o.e.m2e.actions.ExecutePomAction - Creating new launch configuration
2021-08-09 17:34:00,492 [Worker-123: Launching mavenweb (4)] INFO  o.e.m.i.launch.MavenLaunchDelegate - I:\Training\Probits\Telstra\JFS\day1\gitweb\mavenweb
2021-08-09 17:34:00,492 [Worker-123: Launching mavenweb (4)] INFO  o.e.m.i.launch.MavenLaunchDelegate -  mvn -B tomcat:run
2021-08-09 17:40:00,931 [Worker-121: Building] INFO  o.e.m.c.i.l.LifecycleMappingFactory - Using org.maven.ide.eclipse.wtp.WarLifecycleMapping lifecycle mapping for MavenProject: com.telstraweb:mywebapp:0.0.1-SNAPSHOT @ I:\Training\Probits\Telstra\JFS\day1\gitweb\mavenweb\pom.xml.
2021-08-09 17:40:01,323 [Worker-121: Building] WARN  o.e.m.c.i.embedder.EclipseLogger - Using platform encoding (Cp1252 actually) to copy filtered resources, i.e. build is platform dependent!
2021-08-09 17:40:01,323 [Worker-121: Building] INFO  o.e.m.c.i.embedder.EclipseLogger - skip non existing resourceDirectory I:\Training\Probits\Telstra\JFS\day1\gitweb\mavenweb\src\main\resources
2021-08-09 17:40:01,324 [Worker-121: Building] WARN  o.e.m.c.i.embedder.EclipseLogger - Using platform encoding (Cp1252 actually) to copy filtered resources, i.e. build is platform dependent!
2021-08-09 17:40:01,325 [Worker-121: Building] INFO  o.e.m.c.i.embedder.EclipseLogger - skip non existing resourceDirectory I:\Training\Probits\Telstra\JFS\day1\gitweb\mavenweb\src\test\resources
2021-08-09 17:40:01,325 [Worker-121: Building] INFO  o.e.m.w.i.f.ResourceFilteringBuildParticipant - Changed resources require a complete clean of filtered resources of mywebapp
2021-08-09 17:40:01,325 [Worker-121: Building] INFO  o.e.m.w.i.f.ResourceFilteringBuildParticipant - Executing resource filtering for mywebapp
2021-08-09 17:40:01,331 [Worker-121: Building] WARN  o.e.m.c.i.embedder.EclipseLogger - Using platform encoding (Cp1252 actually) to copy filtered resources, i.e. build is platform dependent!
